{"level":"info","message":"Server running in development mode on port 5000","timestamp":"2025-12-24T14:11:43.719Z"}
{"level":"info","message":"QR Code generated","timestamp":"2025-12-24T14:11:53.306Z"}
{"level":"info","message":"QR Code generated","timestamp":"2025-12-24T14:12:53.161Z"}
{"level":"info","message":"QR Code generated","timestamp":"2025-12-24T14:13:13.175Z"}
{"level":"info","message":"QR Code generated","timestamp":"2025-12-24T14:13:33.186Z"}
{"level":"info","message":"QR Code generated","timestamp":"2025-12-24T14:13:53.191Z"}
{"level":"info","message":"QR Code generated","timestamp":"2025-12-24T14:14:13.198Z"}
{"level":"info","message":"Server running in development mode on port 5000","timestamp":"2025-12-24T14:15:21.942Z"}
{"level":"info","message":"QR Code generated","timestamp":"2025-12-24T14:15:27.381Z"}
{"level":"info","message":"QR Code generated","timestamp":"2025-12-24T14:16:27.248Z"}
{"level":"info","message":"QR Code generated","timestamp":"2025-12-24T14:16:47.259Z"}
{"level":"info","message":"QR Code generated","timestamp":"2025-12-24T14:17:07.266Z"}
{"level":"info","message":"QR Code generated","timestamp":"2025-12-24T14:17:27.276Z"}
{"level":"info","message":"QR Code generated","timestamp":"2025-12-24T14:17:47.277Z"}
{"level":"info","message":"QR Code generated","timestamp":"2025-12-24T14:18:58.200Z"}
{"level":"info","message":"QR Code generated","timestamp":"2025-12-24T14:19:58.213Z"}
{"level":"info","message":"QR Code generated","timestamp":"2025-12-24T14:20:03.190Z"}
{"level":"info","message":"QR Code generated","timestamp":"2025-12-24T14:20:07.374Z"}
{"level":"info","message":"QR Code generated","timestamp":"2025-12-24T14:21:07.256Z"}
{"level":"info","message":"QR Code generated","timestamp":"2025-12-24T14:21:27.267Z"}
{"level":"info","message":"Appointment created: 694bf6fa80d8188260bfb674 for 5525424632","timestamp":"2025-12-24T14:21:46.255Z"}
{"level":"info","message":"QR Code generated","timestamp":"2025-12-24T14:21:47.281Z"}
{"level":"info","message":"QR Code generated","timestamp":"2025-12-24T14:22:07.296Z"}
{"level":"info","message":"QR Code generated","timestamp":"2025-12-24T14:22:27.307Z"}
{"level":"info","message":"QR Code generated","timestamp":"2025-12-24T14:23:38.035Z"}
{"level":"info","message":"Server running in development mode on port 5000","timestamp":"2025-12-24T14:24:18.706Z"}
{"level":"info","message":"QR Code generated","timestamp":"2025-12-24T14:24:23.417Z"}
{"level":"info","message":"WhatsApp Loading: 100% - WhatsApp","timestamp":"2025-12-24T14:24:34.207Z"}
{"level":"info","message":"WhatsApp Authenticated!","timestamp":"2025-12-24T14:24:49.229Z"}
{"level":"info","message":"WhatsApp Client is ready!","timestamp":"2025-12-24T14:24:50.848Z"}
{"level":"error","message":"WhatsApp Error: next is not a function","timestamp":"2025-12-24T14:26:08.695Z"}
{"level":"info","message":"Server running in development mode on port 5000","timestamp":"2025-12-24T14:27:52.861Z"}
{"level":"info","message":"WhatsApp Loading: 100% - WhatsApp","timestamp":"2025-12-24T14:27:56.336Z"}
{"level":"info","message":"WhatsApp Authenticated!","timestamp":"2025-12-24T14:27:58.486Z"}
{"level":"info","message":"WhatsApp Client is ready!","timestamp":"2025-12-24T14:27:58.580Z"}
{"level":"info","message":"Server running in development mode on port 5000","timestamp":"2025-12-24T15:36:34.396Z"}
{"level":"info","message":"QR Code generated","timestamp":"2025-12-24T15:36:42.424Z"}
{"level":"info","message":"WhatsApp Loading: 100% - WhatsApp","timestamp":"2025-12-24T15:37:06.837Z"}
{"level":"info","message":"WhatsApp Authenticated!","timestamp":"2025-12-24T15:37:21.848Z"}
{"level":"info","message":"WhatsApp Client is ready!","timestamp":"2025-12-24T15:37:23.039Z"}
{"level":"info","message":"Appointment created: 694c08e8f333f9b40e6c5971 for 905307662779","timestamp":"2025-12-24T15:38:16.597Z"}
{"level":"info","message":"Server running in development mode on port 5000","timestamp":"2025-12-24T15:51:25.265Z"}
{"level":"info","message":"QR Code generated","timestamp":"2025-12-24T15:51:33.094Z"}
{"level":"info","message":"WhatsApp Loading: 100% - WhatsApp","timestamp":"2025-12-24T15:51:59.655Z"}
{"level":"info","message":"WhatsApp Authenticated!","timestamp":"2025-12-24T15:52:17.164Z"}
{"level":"info","message":"WhatsApp Client is ready!","timestamp":"2025-12-24T15:52:18.295Z"}
{"level":"info","message":"Admin logged in: admin","timestamp":"2025-12-24T15:52:25.420Z"}
{"level":"info","message":"Server running in development mode on port 5000","timestamp":"2025-12-24T16:21:44.933Z"}
{"level":"info","message":"QR Code generated","timestamp":"2025-12-24T16:21:52.944Z"}
{"level":"info","message":"WhatsApp Loading: 100% - WhatsApp","timestamp":"2025-12-24T16:22:16.832Z"}
{"level":"info","message":"WhatsApp Authenticated!","timestamp":"2025-12-24T16:22:33.109Z"}
{"level":"info","message":"WhatsApp Client is ready!","timestamp":"2025-12-24T16:22:34.340Z"}
{"level":"warn","message":"Failed admin login attempt for username: admin","timestamp":"2025-12-24T16:22:50.388Z"}
{"level":"info","message":"Admin logged in: admin","timestamp":"2025-12-24T16:23:01.587Z"}
{"level":"error","message":"WhatsApp Error: Evaluation failed: TypeError: window.Store.ContactMethods.getIsMyContact is not a function\n    at window.WWebJS.getContactModel (pptr://__puppeteer_evaluation_script__:632:55)\n    at window.WWebJS.getContact (pptr://__puppeteer_evaluation_script__:654:30)","timestamp":"2025-12-24T16:24:22.209Z"}
{"level":"info","message":"Server running in development mode on port 5000","timestamp":"2025-12-24T16:26:38.565Z"}
{"level":"info","message":"WhatsApp Loading: 95% - WhatsApp","timestamp":"2025-12-24T16:26:42.186Z"}
{"level":"info","message":"WhatsApp Authenticated!","timestamp":"2025-12-24T16:26:44.356Z"}
{"level":"info","message":"WhatsApp Loading: 99% - WhatsApp","timestamp":"2025-12-24T16:26:44.414Z"}
{"level":"info","message":"WhatsApp Client is ready!","timestamp":"2025-12-24T16:26:44.460Z"}
{"level":"error","message":"WhatsApp Error: BotState validation failed: state: `SELECT_SERVICE` is not a valid enum value for path `state`.","timestamp":"2025-12-24T16:27:13.657Z"}
{"level":"error","message":"WhatsApp Error: BotState validation failed: state: `SELECT_SERVICE` is not a valid enum value for path `state`.","timestamp":"2025-12-24T16:27:21.111Z"}
{"level":"info","message":"Server running in development mode on port 5000","timestamp":"2025-12-24T16:30:10.297Z"}
{"level":"info","message":"WhatsApp Loading: 100% - WhatsApp","timestamp":"2025-12-24T16:30:13.738Z"}
{"level":"info","message":"WhatsApp Authenticated!","timestamp":"2025-12-24T16:30:15.779Z"}
{"level":"info","message":"WhatsApp Client is ready!","timestamp":"2025-12-24T16:30:17.328Z"}
{"level":"info","message":"Appointment created: 694c15328d6b47aed7aa32cd for 905307662779","timestamp":"2025-12-24T16:30:42.763Z"}
{"level":"info","message":"Server running in development mode on port 5000","timestamp":"2025-12-24T16:34:06.039Z"}
{"level":"info","message":"QR Code generated","timestamp":"2025-12-24T16:34:11.528Z"}
{"level":"info","message":"QR Code generated","timestamp":"2025-12-24T16:35:11.387Z"}
{"level":"info","message":"QR Code generated","timestamp":"2025-12-24T16:35:31.402Z"}
{"level":"info","message":"QR Code generated","timestamp":"2025-12-24T16:35:51.407Z"}
{"level":"info","message":"QR Code generated","timestamp":"2025-12-24T16:36:11.418Z"}
{"level":"info","message":"QR Code generated","timestamp":"2025-12-24T16:36:31.424Z"}
{"level":"info","message":"QR Code generated","timestamp":"2025-12-24T16:37:42.135Z"}
{"level":"info","message":"QR Code generated","timestamp":"2025-12-24T16:38:42.144Z"}
{"level":"info","message":"QR Code generated","timestamp":"2025-12-24T16:39:02.147Z"}
{"level":"info","message":"QR Code generated","timestamp":"2025-12-24T16:39:22.161Z"}
{"level":"info","message":"QR Code generated","timestamp":"2025-12-24T16:39:42.163Z"}
{"level":"info","message":"QR Code generated","timestamp":"2025-12-24T16:40:02.175Z"}
{"level":"info","message":"QR Code generated","timestamp":"2025-12-24T16:41:12.882Z"}
{"level":"info","message":"QR Code generated","timestamp":"2025-12-24T16:42:12.886Z"}
{"level":"info","message":"QR Code generated","timestamp":"2025-12-24T16:42:32.891Z"}
{"level":"info","message":"QR Code generated","timestamp":"2025-12-24T16:42:52.904Z"}
{"level":"info","message":"QR Code generated","timestamp":"2025-12-24T16:43:12.918Z"}
{"level":"info","message":"QR Code generated","timestamp":"2025-12-24T16:43:32.926Z"}
{"level":"info","message":"QR Code generated","timestamp":"2025-12-24T16:44:43.651Z"}
{"level":"info","message":"QR Code generated","timestamp":"2025-12-24T16:45:43.662Z"}
{"level":"info","message":"QR Code generated","timestamp":"2025-12-24T16:46:03.670Z"}
{"level":"info","message":"QR Code generated","timestamp":"2025-12-24T16:46:23.677Z"}
{"level":"info","message":"QR Code generated","timestamp":"2025-12-24T16:46:43.688Z"}
{"level":"info","message":"QR Code generated","timestamp":"2025-12-24T16:47:03.696Z"}
{"level":"info","message":"QR Code generated","timestamp":"2025-12-24T16:48:14.596Z"}
{"level":"info","message":"QR Code generated","timestamp":"2025-12-24T16:49:14.609Z"}
{"level":"info","message":"QR Code generated","timestamp":"2025-12-24T16:49:34.611Z"}
{"level":"info","message":"QR Code generated","timestamp":"2025-12-24T16:49:54.623Z"}
{"level":"info","message":"QR Code generated","timestamp":"2025-12-24T16:50:14.625Z"}
{"level":"info","message":"QR Code generated","timestamp":"2025-12-24T16:50:34.637Z"}
{"level":"info","message":"QR Code generated","timestamp":"2025-12-24T16:51:45.503Z"}
{"level":"info","message":"QR Code generated","timestamp":"2025-12-24T16:52:45.505Z"}
{"level":"info","message":"QR Code generated","timestamp":"2025-12-24T16:53:05.514Z"}
{"level":"info","message":"QR Code generated","timestamp":"2025-12-24T16:53:25.520Z"}
{"level":"info","message":"QR Code generated","timestamp":"2025-12-24T16:53:45.525Z"}
{"level":"info","message":"QR Code generated","timestamp":"2025-12-24T16:54:05.526Z"}
{"level":"info","message":"QR Code generated","timestamp":"2025-12-24T16:55:16.427Z"}
{"level":"info","message":"QR Code generated","timestamp":"2025-12-24T16:56:16.437Z"}
{"level":"info","message":"QR Code generated","timestamp":"2025-12-24T16:56:36.447Z"}
{"level":"info","message":"QR Code generated","timestamp":"2025-12-24T16:56:56.457Z"}
{"level":"info","message":"QR Code generated","timestamp":"2025-12-24T16:57:16.470Z"}
{"level":"info","message":"QR Code generated","timestamp":"2025-12-24T16:57:36.471Z"}
{"level":"info","message":"QR Code generated","timestamp":"2025-12-24T16:58:47.397Z"}
{"level":"info","message":"QR Code generated","timestamp":"2025-12-24T16:59:47.407Z"}
{"level":"info","message":"Server running in development mode on port 5000","timestamp":"2025-12-24T17:00:02.099Z"}
{"level":"info","message":"QR Code generated","timestamp":"2025-12-24T17:00:07.325Z"}
{"level":"info","message":"Appointment cancelled: 694bf6fa80d8188260bfb674","timestamp":"2025-12-24T17:01:01.957Z"}
{"level":"info","message":"Admin cancelled appointment: 694bf6fa80d8188260bfb674","timestamp":"2025-12-24T17:01:01.957Z"}
{"level":"info","message":"QR Code generated","timestamp":"2025-12-24T17:01:07.191Z"}
{"level":"info","message":"Appointment cancelled: 694c15328d6b47aed7aa32cd","timestamp":"2025-12-24T17:01:25.933Z"}
{"level":"info","message":"Admin cancelled appointment: 694c15328d6b47aed7aa32cd","timestamp":"2025-12-24T17:01:25.933Z"}
{"level":"info","message":"QR Code generated","timestamp":"2025-12-24T17:01:27.201Z"}
{"level":"info","message":"QR Code generated","timestamp":"2025-12-24T17:01:47.208Z"}
{"level":"info","message":"QR Code generated","timestamp":"2025-12-24T17:02:07.217Z"}
{"level":"info","message":"QR Code generated","timestamp":"2025-12-24T17:02:27.220Z"}
{"level":"info","message":"QR Code generated","timestamp":"2025-12-24T17:03:38.098Z"}
{"level":"info","message":"QR Code generated","timestamp":"2025-12-24T17:04:38.109Z"}
{"level":"info","message":"QR Code generated","timestamp":"2025-12-24T17:04:58.123Z"}
{"level":"info","message":"QR Code generated","timestamp":"2025-12-24T17:05:18.135Z"}
{"level":"info","message":"QR Code generated","timestamp":"2025-12-24T17:05:38.145Z"}
{"level":"info","message":"QR Code generated","timestamp":"2025-12-24T17:05:58.146Z"}
{"level":"info","message":"QR Code generated","timestamp":"2025-12-24T17:07:09.179Z"}
{"level":"info","message":"QR Code generated","timestamp":"2025-12-24T17:08:09.181Z"}
{"level":"info","message":"QR Code generated","timestamp":"2025-12-24T17:08:29.188Z"}
{"level":"info","message":"QR Code generated","timestamp":"2025-12-24T17:08:49.202Z"}
{"level":"info","message":"QR Code generated","timestamp":"2025-12-24T17:09:09.214Z"}
{"level":"info","message":"QR Code generated","timestamp":"2025-12-24T17:09:29.224Z"}
{"level":"info","message":"QR Code generated","timestamp":"2025-12-24T17:10:40.238Z"}
{"level":"info","message":"QR Code generated","timestamp":"2025-12-24T17:11:40.253Z"}
{"level":"info","message":"QR Code generated","timestamp":"2025-12-24T17:12:00.257Z"}
{"level":"info","message":"QR Code generated","timestamp":"2025-12-24T17:12:20.260Z"}
{"level":"info","message":"QR Code generated","timestamp":"2025-12-24T17:12:40.268Z"}
{"level":"info","message":"QR Code generated","timestamp":"2025-12-24T17:13:00.271Z"}
{"level":"info","message":"QR Code generated","timestamp":"2025-12-24T17:14:11.165Z"}
{"level":"info","message":"QR Code generated","timestamp":"2025-12-24T17:15:11.175Z"}
{"level":"info","message":"QR Code generated","timestamp":"2025-12-24T17:15:31.186Z"}
{"level":"info","message":"QR Code generated","timestamp":"2025-12-24T17:15:51.190Z"}
{"level":"info","message":"QR Code generated","timestamp":"2025-12-24T17:16:11.201Z"}
{"level":"info","message":"QR Code generated","timestamp":"2025-12-24T17:16:31.206Z"}
{"level":"info","message":"QR Code generated","timestamp":"2025-12-24T17:17:41.856Z"}
{"level":"info","message":"QR Code generated","timestamp":"2025-12-24T17:18:41.859Z"}
{"level":"info","message":"QR Code generated","timestamp":"2025-12-24T17:19:01.864Z"}
{"level":"info","message":"QR Code generated","timestamp":"2025-12-24T17:19:21.876Z"}
{"level":"info","message":"QR Code generated","timestamp":"2025-12-24T17:19:41.878Z"}
{"level":"info","message":"QR Code generated","timestamp":"2025-12-24T17:20:01.886Z"}
{"level":"info","message":"Server running in development mode on port 5000","timestamp":"2025-12-24T17:20:19.664Z"}
{"level":"info","message":"QR Code generated","timestamp":"2025-12-24T17:20:24.627Z"}
{"level":"info","message":"QR Code generated","timestamp":"2025-12-24T17:21:24.504Z"}
{"level":"info","message":"QR Code generated","timestamp":"2025-12-24T17:21:44.518Z"}
{"level":"info","message":"QR Code generated","timestamp":"2025-12-24T17:22:04.524Z"}
{"level":"info","message":"QR Code generated","timestamp":"2025-12-24T17:22:24.531Z"}
{"level":"info","message":"QR Code generated","timestamp":"2025-12-24T17:22:44.538Z"}
{"level":"info","message":"Server running in development mode on port 5000","timestamp":"2025-12-24T17:23:29.750Z"}
{"level":"info","message":"QR Code generated","timestamp":"2025-12-24T17:23:34.471Z"}
{"level":"info","message":"QR Code generated","timestamp":"2025-12-24T17:24:34.341Z"}
{"level":"info","message":"QR Code generated","timestamp":"2025-12-24T17:24:54.354Z"}
{"level":"info","message":"QR Code generated","timestamp":"2025-12-24T17:25:14.368Z"}
{"level":"info","message":"QR Code generated","timestamp":"2025-12-24T17:25:34.380Z"}
{"level":"info","message":"QR Code generated","timestamp":"2025-12-24T17:25:54.387Z"}
{"level":"info","message":"QR Code generated","timestamp":"2025-12-24T17:27:05.146Z"}
{"level":"info","message":"QR Code generated","timestamp":"2025-12-24T17:28:05.157Z"}
{"level":"info","message":"QR Code generated","timestamp":"2025-12-24T17:28:25.163Z"}
{"level":"info","message":"QR Code generated","timestamp":"2025-12-24T17:28:45.164Z"}
{"level":"info","message":"QR Code generated","timestamp":"2025-12-24T17:29:05.173Z"}
{"level":"info","message":"QR Code generated","timestamp":"2025-12-24T17:29:25.182Z"}
{"level":"info","message":"QR Code generated","timestamp":"2025-12-24T17:30:35.938Z"}
{"level":"info","message":"QR Code generated","timestamp":"2025-12-24T17:31:35.952Z"}
{"level":"info","message":"Server running in development mode on port 5000","timestamp":"2026-01-10T12:23:21.651Z"}
{"level":"info","message":"QR Code generated","timestamp":"2026-01-10T12:23:41.860Z"}
{"level":"info","message":"WhatsApp Loading: 100% - WhatsApp","timestamp":"2026-01-10T12:24:06.307Z"}
{"level":"info","message":"WhatsApp Authenticated!","timestamp":"2026-01-10T12:24:20.747Z"}
{"level":"info","message":"WhatsApp Client is ready!","timestamp":"2026-01-10T12:24:21.952Z"}
{"level":"error","message":"WhatsApp Error: Evaluation failed: t","timestamp":"2026-01-10T12:24:41.462Z"}
{"level":"info","message":"WhatsApp Authenticated!","timestamp":"2026-01-10T12:24:42.030Z"}
{"level":"info","message":"WhatsApp Authenticated!","timestamp":"2026-01-10T12:24:42.031Z"}
{"level":"info","message":"WhatsApp Authenticated!","timestamp":"2026-01-10T12:24:42.031Z"}
{"level":"info","message":"QR Code generated","timestamp":"2026-01-10T12:24:42.032Z"}
{"level":"info","message":"WhatsApp Client is ready!","timestamp":"2026-01-10T12:24:43.384Z"}
{"level":"info","message":"WhatsApp Client is ready!","timestamp":"2026-01-10T12:24:43.386Z"}
{"level":"info","message":"WhatsApp Client is ready!","timestamp":"2026-01-10T12:24:43.386Z"}
{"level":"error","message":"Error: Error: EBUSY: resource busy or locked, unlink 'C:\\Users\\tk\\Desktop\\ramazan-app\\.wwebjs_auth\\session\\Default\\Cookies'","timestamp":"2026-01-10T12:25:17.249Z"}
{"level":"error","message":"Error: Error: EBUSY: resource busy or locked, unlink 'C:\\Users\\tk\\Desktop\\ramazan-app\\.wwebjs_auth\\session\\Default\\chrome_debug.log'","timestamp":"2026-01-10T12:25:18.403Z"}
{"level":"error","message":"Error: Error: EBUSY: resource busy or locked, unlink 'C:\\Users\\tk\\Desktop\\ramazan-app\\.wwebjs_auth\\session\\Default\\chrome_debug.log'","timestamp":"2026-01-10T12:25:18.589Z"}
{"level":"info","message":"Server running in development mode on port 5000","timestamp":"2026-01-10T12:26:31.163Z"}
{"level":"info","message":"Appointment created: 69624579103827f6ae089e53 for 05525424632","timestamp":"2026-01-10T12:26:33.771Z"}
{"level":"info","message":"QR Code generated","timestamp":"2026-01-10T12:26:41.439Z"}
{"level":"info","message":"QR Code generated","timestamp":"2026-01-10T12:27:41.302Z"}
{"level":"info","message":"QR Code generated","timestamp":"2026-01-10T12:28:01.315Z"}
{"level":"info","message":"QR Code generated","timestamp":"2026-01-10T12:28:21.327Z"}
{"level":"info","message":"Server running in development mode on port 5000","timestamp":"2026-01-10T12:29:41.651Z"}
{"level":"info","message":"QR Code generated","timestamp":"2026-01-10T12:29:52.369Z"}
{"level":"info","message":"WhatsApp Loading: 100% - WhatsApp","timestamp":"2026-01-10T12:30:07.792Z"}
{"level":"info","message":"WhatsApp Authenticated!","timestamp":"2026-01-10T12:30:22.586Z"}
{"level":"info","message":"WhatsApp Client is ready!","timestamp":"2026-01-10T12:30:23.585Z"}
{"level":"info","message":"Appointment created: 696246801891cc065c2fbb5a for 05525424632","timestamp":"2026-01-10T12:30:56.748Z"}
{"level":"info","message":"Appointment created: 696246a11891cc065c2fbb61 for 905535295114","timestamp":"2026-01-10T12:31:29.264Z"}
{"level":"error","message":"WhatsApp Error: E11000 duplicate key error collection: ramazan-app.botstates index: phone_1 dup key: { phone: \"268431194620145@lid\" }","timestamp":"2026-01-10T12:33:21.226Z"}
{"level":"error","message":"WhatsApp Error: E11000 duplicate key error collection: ramazan-app.botstates index: phone_1 dup key: { phone: \"268431194620145@lid\" }","timestamp":"2026-01-10T12:33:21.228Z"}
{"level":"info","message":"Appointment created: 696247821891cc065c2fbb7f for 268431194620145@lid","timestamp":"2026-01-10T12:35:14.638Z"}
{"level":"info","message":"Appointment cancelled: 696247821891cc065c2fbb7f","timestamp":"2026-01-10T12:35:26.946Z"}
{"level":"info","message":"Server running in development mode on port 5000","timestamp":"2026-01-10T12:54:26.805Z"}
{"level":"info","message":"QR Code generated","timestamp":"2026-01-10T12:54:45.072Z"}
{"level":"info","message":"QR Code generated","timestamp":"2026-01-10T12:55:44.925Z"}
{"level":"info","message":"QR Code generated","timestamp":"2026-01-10T12:56:04.934Z"}
{"level":"info","message":"QR Code generated","timestamp":"2026-01-10T12:56:24.949Z"}
{"level":"info","message":"QR Code generated","timestamp":"2026-01-10T12:56:44.952Z"}
{"level":"info","message":"QR Code generated","timestamp":"2026-01-10T12:57:04.953Z"}
{"level":"info","message":"QR Code generated","timestamp":"2026-01-10T12:58:15.983Z"}
{"level":"info","message":"QR Code generated","timestamp":"2026-01-10T12:59:15.988Z"}
{"level":"info","message":"QR Code generated","timestamp":"2026-01-10T12:59:36.002Z"}
{"level":"info","message":"QR Code generated","timestamp":"2026-01-10T12:59:56.013Z"}
{"level":"info","message":"QR Code generated","timestamp":"2026-01-10T13:00:16.018Z"}
{"level":"info","message":"Server running in development mode on port 5000","timestamp":"2026-01-10T13:00:35.788Z"}
{"level":"info","message":"QR Code generated","timestamp":"2026-01-10T13:00:45.590Z"}
{"level":"info","message":"QR Code generated","timestamp":"2026-01-10T13:01:45.402Z"}
{"level":"info","message":"Server running in development mode on port 5000","timestamp":"2026-01-10T13:09:43.269Z"}
{"level":"info","message":"QR Code generated","timestamp":"2026-01-10T13:09:54.511Z"}
{"level":"info","message":"QR Code generated","timestamp":"2026-01-10T13:10:54.383Z"}
{"level":"info","message":"QR Code generated","timestamp":"2026-01-10T13:11:14.386Z"}
{"level":"info","message":"QR Code generated","timestamp":"2026-01-10T13:11:34.398Z"}
{"level":"info","message":"QR Code generated","timestamp":"2026-01-10T13:11:54.400Z"}
{"level":"info","message":"Server running in development mode on port 5000","timestamp":"2026-01-10T13:12:07.998Z"}
{"level":"info","message":"QR Code generated","timestamp":"2026-01-10T13:12:14.783Z"}
{"level":"info","message":"Server running in development mode on port 5000","timestamp":"2026-01-10T13:13:05.777Z"}
{"level":"info","message":"Server running in development mode on port 5000","timestamp":"2026-01-10T14:46:22.104Z"}
{"level":"info","message":"Server running in development mode on port 5000","timestamp":"2026-01-10T14:46:54.737Z"}
{"level":"info","message":"QR Code generated","timestamp":"2026-01-10T14:47:11.433Z"}
{"level":"warn","message":"Failed admin login attempt for username: admin","timestamp":"2026-01-10T14:47:31.705Z"}
{"level":"warn","message":"Failed admin login attempt for username: admin","timestamp":"2026-01-10T14:47:41.380Z"}
{"level":"warn","message":"Failed admin login attempt for username: admin","timestamp":"2026-01-10T14:47:47.466Z"}
{"level":"info","message":"Server running in development mode on port 5000","timestamp":"2026-01-10T14:48:20.756Z"}
{"level":"info","message":"QR Code generated","timestamp":"2026-01-10T14:48:28.124Z"}
{"level":"warn","message":"Failed admin login attempt for username: admin","timestamp":"2026-01-10T14:48:49.733Z"}
{"level":"warn","message":"Failed admin login attempt for username: admin","timestamp":"2026-01-10T14:49:18.811Z"}
{"level":"info","message":"QR Code generated","timestamp":"2026-01-10T14:49:27.988Z"}
{"level":"warn","message":"Failed admin login attempt for username: admin","timestamp":"2026-01-10T14:49:30.513Z"}
{"level":"info","message":"QR Code generated","timestamp":"2026-01-10T14:49:47.998Z"}
{"level":"info","message":"QR Code generated","timestamp":"2026-01-10T14:50:08.011Z"}
{"level":"info","message":"QR Code generated","timestamp":"2026-01-10T14:50:28.016Z"}
{"level":"info","message":"QR Code generated","timestamp":"2026-01-10T14:50:48.020Z"}
{"level":"info","message":"QR Code generated","timestamp":"2026-01-10T14:51:59.205Z"}
{"level":"info","message":"Admin logged in: admin","timestamp":"2026-01-10T14:52:08.655Z"}
{"level":"info","message":"QR Code generated","timestamp":"2026-01-10T14:52:59.219Z"}
{"level":"info","message":"QR Code generated","timestamp":"2026-01-10T14:53:19.221Z"}
{"level":"info","message":"QR Code generated","timestamp":"2026-01-10T14:53:39.229Z"}
{"level":"info","message":"QR Code generated","timestamp":"2026-01-10T14:53:59.238Z"}
{"level":"info","message":"QR Code generated","timestamp":"2026-01-10T14:54:19.251Z"}
{"level":"info","message":"Server running in development mode on port 5000","timestamp":"2026-01-10T14:54:37.459Z"}
{"level":"info","message":"QR Code generated","timestamp":"2026-01-10T14:54:44.135Z"}
{"level":"info","message":"QR Code generated","timestamp":"2026-01-10T14:55:44.017Z"}
{"level":"info","message":"Server running in development mode on port 5000","timestamp":"2026-01-10T14:55:55.164Z"}
{"level":"info","message":"QR Code generated","timestamp":"2026-01-10T14:56:01.900Z"}
{"level":"info","message":"QR Code generated","timestamp":"2026-01-10T14:57:01.767Z"}
{"level":"info","message":"QR Code generated","timestamp":"2026-01-10T14:57:21.782Z"}
{"level":"info","message":"QR Code generated","timestamp":"2026-01-10T14:57:41.796Z"}
{"level":"info","message":"QR Code generated","timestamp":"2026-01-10T14:58:01.802Z"}
{"level":"info","message":"QR Code generated","timestamp":"2026-01-10T14:58:21.817Z"}
{"level":"info","message":"Server running in development mode on port 5000","timestamp":"2026-01-10T14:59:45.708Z"}
{"level":"info","message":"QR Code generated","timestamp":"2026-01-10T14:59:54.536Z"}
{"level":"info","message":"QR Code generated","timestamp":"2026-01-10T15:00:54.409Z"}
{"level":"info","message":"QR Code generated","timestamp":"2026-01-10T15:01:14.414Z"}
{"level":"info","message":"Server running in development mode on port 5000","timestamp":"2026-01-10T15:01:30.570Z"}
{"level":"info","message":"QR Code generated","timestamp":"2026-01-10T15:01:37.739Z"}
{"level":"info","message":"QR Code generated","timestamp":"2026-01-10T15:02:37.622Z"}
{"level":"info","message":"QR Code generated","timestamp":"2026-01-10T15:02:57.631Z"}
{"level":"info","message":"QR Code generated","timestamp":"2026-01-10T15:03:17.635Z"}
{"level":"info","message":"QR Code generated","timestamp":"2026-01-10T15:03:37.644Z"}
{"level":"info","message":"QR Code generated","timestamp":"2026-01-10T15:03:57.653Z"}
{"level":"info","message":"Server running in development mode on port 5000","timestamp":"2026-01-10T15:05:11.222Z"}
{"level":"info","message":"QR Code generated","timestamp":"2026-01-10T15:05:18.397Z"}
{"level":"info","message":"QR Code generated","timestamp":"2026-01-10T15:06:18.215Z"}
{"level":"info","message":"QR Code generated","timestamp":"2026-01-10T15:06:38.216Z"}
{"level":"info","message":"QR Code generated","timestamp":"2026-01-10T15:06:58.221Z"}
{"level":"info","message":"QR Code generated","timestamp":"2026-01-10T15:07:18.224Z"}
{"level":"info","message":"QR Code generated","timestamp":"2026-01-10T15:07:38.230Z"}
{"level":"info","message":"QR Code generated","timestamp":"2026-01-10T15:08:49.655Z"}
{"level":"info","message":"QR Code generated","timestamp":"2026-01-10T15:09:49.671Z"}
{"level":"info","message":"QR Code generated","timestamp":"2026-01-10T15:10:09.684Z"}
{"level":"info","message":"QR Code generated","timestamp":"2026-01-10T15:10:29.691Z"}
{"level":"info","message":"QR Code generated","timestamp":"2026-01-10T15:10:49.704Z"}
{"level":"info","message":"QR Code generated","timestamp":"2026-01-10T15:11:09.714Z"}
{"level":"info","message":"QR Code generated","timestamp":"2026-01-10T15:12:21.012Z"}
{"level":"error","message":"Pairing failed Evaluation failed: TypeError: window.onCodeReceivedEvent is not a function\n    at pptr://__puppeteer_evaluation_script__:20:27","stack":"Error: Evaluation failed: TypeError: window.onCodeReceivedEvent is not a function\n    at pptr://__puppeteer_evaluation_script__:20:27\n    at ExecutionContext._ExecutionContext_evaluate (C:\\Users\\tk\\Desktop\\ramazan-app\\node_modules\\puppeteer-core\\lib\\cjs\\puppeteer\\common\\ExecutionContext.js:229:15)\n    at process.processTicksAndRejections (node:internal/process/task_queues:105:5)\n    at async ExecutionContext.evaluate (C:\\Users\\tk\\Desktop\\ramazan-app\\node_modules\\puppeteer-core\\lib\\cjs\\puppeteer\\common\\ExecutionContext.js:107:16)\n    at async Client.requestPairingCode (C:\\Users\\tk\\Desktop\\ramazan-app\\node_modules\\whatsapp-web.js\\src\\Client.js:368:16)\n    at async Object.pairWithPhone (C:\\Users\\tk\\Desktop\\ramazan-app\\src\\services\\whatsapp.service.js:543:22)\n    at async pairWithPhone (C:\\Users\\tk\\Desktop\\ramazan-app\\src\\controllers\\whatsapp.controller.js:30:22)","timestamp":"2026-01-10T15:13:15.217Z"}
{"level":"info","message":"QR Code generated","timestamp":"2026-01-10T15:13:21.022Z"}
{"level":"error","message":"Pairing failed Evaluation failed: TypeError: window.onCodeReceivedEvent is not a function\n    at pptr://__puppeteer_evaluation_script__:20:27","stack":"Error: Evaluation failed: TypeError: window.onCodeReceivedEvent is not a function\n    at pptr://__puppeteer_evaluation_script__:20:27\n    at ExecutionContext._ExecutionContext_evaluate (C:\\Users\\tk\\Desktop\\ramazan-app\\node_modules\\puppeteer-core\\lib\\cjs\\puppeteer\\common\\ExecutionContext.js:229:15)\n    at process.processTicksAndRejections (node:internal/process/task_queues:105:5)\n    at async ExecutionContext.evaluate (C:\\Users\\tk\\Desktop\\ramazan-app\\node_modules\\puppeteer-core\\lib\\cjs\\puppeteer\\common\\ExecutionContext.js:107:16)\n    at async Client.requestPairingCode (C:\\Users\\tk\\Desktop\\ramazan-app\\node_modules\\whatsapp-web.js\\src\\Client.js:368:16)\n    at async Object.pairWithPhone (C:\\Users\\tk\\Desktop\\ramazan-app\\src\\services\\whatsapp.service.js:543:22)\n    at async pairWithPhone (C:\\Users\\tk\\Desktop\\ramazan-app\\src\\controllers\\whatsapp.controller.js:30:22)","timestamp":"2026-01-10T15:13:35.168Z"}
{"level":"info","message":"QR Code generated","timestamp":"2026-01-10T15:13:41.030Z"}
{"level":"info","message":"QR Code generated","timestamp":"2026-01-10T15:14:01.034Z"}
{"level":"info","message":"QR Code generated","timestamp":"2026-01-10T15:14:21.037Z"}
{"level":"error","message":"Pairing failed Evaluation failed: TypeError: window.onCodeReceivedEvent is not a function\n    at pptr://__puppeteer_evaluation_script__:20:27","stack":"Error: Evaluation failed: TypeError: window.onCodeReceivedEvent is not a function\n    at pptr://__puppeteer_evaluation_script__:20:27\n    at ExecutionContext._ExecutionContext_evaluate (C:\\Users\\tk\\Desktop\\ramazan-app\\node_modules\\puppeteer-core\\lib\\cjs\\puppeteer\\common\\ExecutionContext.js:229:15)\n    at process.processTicksAndRejections (node:internal/process/task_queues:105:5)\n    at async ExecutionContext.evaluate (C:\\Users\\tk\\Desktop\\ramazan-app\\node_modules\\puppeteer-core\\lib\\cjs\\puppeteer\\common\\ExecutionContext.js:107:16)\n    at async Client.requestPairingCode (C:\\Users\\tk\\Desktop\\ramazan-app\\node_modules\\whatsapp-web.js\\src\\Client.js:368:16)\n    at async Object.pairWithPhone (C:\\Users\\tk\\Desktop\\ramazan-app\\src\\services\\whatsapp.service.js:543:22)\n    at async pairWithPhone (C:\\Users\\tk\\Desktop\\ramazan-app\\src\\controllers\\whatsapp.controller.js:30:22)","timestamp":"2026-01-10T15:14:22.017Z"}
{"level":"info","message":"QR Code generated","timestamp":"2026-01-10T15:14:41.048Z"}
{"level":"info","message":"Server running in development mode on port 5000","timestamp":"2026-01-10T15:15:10.389Z"}
{"level":"info","message":"QR Code generated","timestamp":"2026-01-10T15:15:17.423Z"}
{"level":"info","message":"Server running in development mode on port 5000","timestamp":"2026-01-10T15:16:51.017Z"}
{"level":"info","message":"QR Code generated","timestamp":"2026-01-10T15:16:58.751Z"}
{"level":"error","message":"Pairing failed Evaluation failed: TypeError: window.onCodeReceivedEvent is not a function\n    at pptr://__puppeteer_evaluation_script__:20:27","stack":"Error: Evaluation failed: TypeError: window.onCodeReceivedEvent is not a function\n    at pptr://__puppeteer_evaluation_script__:20:27\n    at ExecutionContext._ExecutionContext_evaluate (C:\\Users\\tk\\Desktop\\ramazan-app\\node_modules\\puppeteer-core\\lib\\cjs\\puppeteer\\common\\ExecutionContext.js:229:15)\n    at process.processTicksAndRejections (node:internal/process/task_queues:105:5)\n    at async ExecutionContext.evaluate (C:\\Users\\tk\\Desktop\\ramazan-app\\node_modules\\puppeteer-core\\lib\\cjs\\puppeteer\\common\\ExecutionContext.js:107:16)\n    at async Client.requestPairingCode (C:\\Users\\tk\\Desktop\\ramazan-app\\node_modules\\whatsapp-web.js\\src\\Client.js:368:16)\n    at async Object.pairWithPhone (C:\\Users\\tk\\Desktop\\ramazan-app\\src\\services\\whatsapp.service.js:543:22)\n    at async pairWithPhone (C:\\Users\\tk\\Desktop\\ramazan-app\\src\\controllers\\whatsapp.controller.js:30:22)","timestamp":"2026-01-10T15:17:48.631Z"}
{"level":"error","message":"Pairing failed Evaluation failed: TypeError: window.onCodeReceivedEvent is not a function\n    at pptr://__puppeteer_evaluation_script__:20:27","stack":"Error: Evaluation failed: TypeError: window.onCodeReceivedEvent is not a function\n    at pptr://__puppeteer_evaluation_script__:20:27\n    at ExecutionContext._ExecutionContext_evaluate (C:\\Users\\tk\\Desktop\\ramazan-app\\node_modules\\puppeteer-core\\lib\\cjs\\puppeteer\\common\\ExecutionContext.js:229:15)\n    at process.processTicksAndRejections (node:internal/process/task_queues:105:5)\n    at async ExecutionContext.evaluate (C:\\Users\\tk\\Desktop\\ramazan-app\\node_modules\\puppeteer-core\\lib\\cjs\\puppeteer\\common\\ExecutionContext.js:107:16)\n    at async Client.requestPairingCode (C:\\Users\\tk\\Desktop\\ramazan-app\\node_modules\\whatsapp-web.js\\src\\Client.js:368:16)\n    at async Object.pairWithPhone (C:\\Users\\tk\\Desktop\\ramazan-app\\src\\services\\whatsapp.service.js:543:22)\n    at async pairWithPhone (C:\\Users\\tk\\Desktop\\ramazan-app\\src\\controllers\\whatsapp.controller.js:30:22)","timestamp":"2026-01-10T15:17:54.633Z"}
{"level":"info","message":"QR Code generated","timestamp":"2026-01-10T15:17:58.609Z"}
{"level":"info","message":"QR Code generated","timestamp":"2026-01-10T15:18:18.617Z"}
{"level":"info","message":"Server running in development mode on port 5000","timestamp":"2026-01-10T15:19:09.451Z"}
{"level":"info","message":"QR Code generated","timestamp":"2026-01-10T15:19:17.091Z"}
{"level":"info","message":"Server running in development mode on port 5000","timestamp":"2026-01-10T15:23:25.489Z"}
{"level":"info","message":"QR Code generated","timestamp":"2026-01-10T15:23:39.668Z"}
{"level":"info","message":"QR Code generated","timestamp":"2026-01-10T15:24:39.550Z"}
{"level":"info","message":"QR Code generated","timestamp":"2026-01-10T15:24:59.551Z"}
{"level":"info","message":"QR Code generated","timestamp":"2026-01-10T15:25:19.560Z"}
{"level":"info","message":"QR Code generated","timestamp":"2026-01-10T15:25:39.571Z"}
{"level":"info","message":"QR Code generated","timestamp":"2026-01-10T15:25:59.578Z"}
{"level":"info","message":"QR Code generated","timestamp":"2026-01-10T15:27:11.113Z"}
{"level":"info","message":"QR Code generated","timestamp":"2026-01-10T15:28:11.123Z"}
{"level":"info","message":"QR Code generated","timestamp":"2026-01-10T15:28:31.135Z"}
{"level":"info","message":"QR Code generated","timestamp":"2026-01-10T15:28:51.142Z"}
{"level":"info","message":"QR Code generated","timestamp":"2026-01-10T15:29:11.147Z"}
{"level":"info","message":"QR Code generated","timestamp":"2026-01-10T15:29:31.163Z"}
{"level":"info","message":"Server running in development mode on port 5000","timestamp":"2026-01-10T15:31:30.931Z"}
{"level":"info","message":"QR Code generated","timestamp":"2026-01-10T15:31:50.323Z"}
{"level":"error","message":"Pairing failed window.onCodeReceivedEvent is not a function","name":"TypeError","stack":"TypeError: window.onCodeReceivedEvent is not a function\n    at evaluate (evaluate at Client.requestPairingCode (C:\\Users\\tk\\Desktop\\ramazan-app\\node_modules\\whatsapp-web.js\\src\\Client.js:395:35), <anonymous>:19:26)\n    at #evaluate (C:\\Users\\tk\\Desktop\\ramazan-app\\node_modules\\puppeteer-core\\lib\\cjs\\puppeteer\\cdp\\ExecutionContext.js:391:56)\n    at async ExecutionContext.evaluate (C:\\Users\\tk\\Desktop\\ramazan-app\\node_modules\\puppeteer-core\\lib\\cjs\\puppeteer\\cdp\\ExecutionContext.js:277:16)\n    at async IsolatedWorld.evaluate (C:\\Users\\tk\\Desktop\\ramazan-app\\node_modules\\puppeteer-core\\lib\\cjs\\puppeteer\\cdp\\IsolatedWorld.js:100:16)\n    at async CdpFrame.evaluate (C:\\Users\\tk\\Desktop\\ramazan-app\\node_modules\\puppeteer-core\\lib\\cjs\\puppeteer\\api\\Frame.js:362:20)\n    at async CdpPage.evaluate (C:\\Users\\tk\\Desktop\\ramazan-app\\node_modules\\puppeteer-core\\lib\\cjs\\puppeteer\\api\\Page.js:818:20)\n    at async Client.requestPairingCode (C:\\Users\\tk\\Desktop\\ramazan-app\\node_modules\\whatsapp-web.js\\src\\Client.js:395:16)\n    at async Object.pairWithPhone (C:\\Users\\tk\\Desktop\\ramazan-app\\src\\services\\whatsapp.service.js:543:22)\n    at async pairWithPhone (C:\\Users\\tk\\Desktop\\ramazan-app\\src\\controllers\\whatsapp.controller.js:30:22)","timestamp":"2026-01-10T15:32:49.425Z"}
{"level":"info","message":"QR Code generated","timestamp":"2026-01-10T15:32:50.206Z"}
{"level":"info","message":"QR Code generated","timestamp":"2026-01-10T15:33:10.207Z"}
{"level":"info","message":"Daily reminder scheduler initialized (09:00 AM)","timestamp":"2026-01-10T21:27:05.621Z"}
{"level":"info","message":"Server running in development mode on port 5000","timestamp":"2026-01-10T21:32:08.583Z"}
{"level":"info","message":"Server running in development mode on port 5000","timestamp":"2026-01-10T21:32:43.745Z"}
{"level":"error","message":"Error: net::ERR_NAME_NOT_RESOLVED at https://web.whatsapp.com/","timestamp":"2026-01-10T21:32:59.396Z"}
{"level":"info","message":"Server running in development mode on port 5000","timestamp":"2026-01-10T21:41:54.393Z"}
{"level":"info","message":"QR Code generated","timestamp":"2026-01-10T21:42:18.963Z"}
{"level":"info","message":"QR Code generated","timestamp":"2026-01-10T21:43:18.873Z"}
{"level":"info","message":"Admin logged in: admin","timestamp":"2026-01-10T21:43:38.253Z"}
{"level":"info","message":"QR Code generated","timestamp":"2026-01-10T21:43:38.886Z"}
{"level":"info","message":"QR Code generated","timestamp":"2026-01-10T21:43:58.895Z"}
{"level":"info","message":"QR Code generated","timestamp":"2026-01-10T21:44:18.896Z"}
{"level":"info","message":"QR Code generated","timestamp":"2026-01-10T21:44:38.900Z"}
{"level":"info","message":"QR Code generated","timestamp":"2026-01-10T21:45:51.053Z"}
{"level":"info","message":"QR Code generated","timestamp":"2026-01-10T21:46:51.057Z"}
{"level":"info","message":"QR Code generated","timestamp":"2026-01-10T21:47:11.060Z"}
{"level":"info","message":"QR Code generated","timestamp":"2026-01-10T21:47:31.070Z"}
{"level":"info","message":"QR Code generated","timestamp":"2026-01-10T21:47:51.076Z"}
{"level":"info","message":"QR Code generated","timestamp":"2026-01-10T21:48:11.083Z"}
{"level":"info","message":"Admin created service: sakal sa","timestamp":"2026-01-10T21:48:26.870Z"}
{"level":"info","message":"QR Code generated","timestamp":"2026-01-10T21:49:23.460Z"}
{"level":"error","message":"Pairing failed window.onCodeReceivedEvent is not a function","name":"TypeError","stack":"TypeError: window.onCodeReceivedEvent is not a function\n    at evaluate (evaluate at Client.requestPairingCode (C:\\Users\\tk\\Desktop\\ramazan-app\\node_modules\\whatsapp-web.js\\src\\Client.js:395:35), <anonymous>:19:26)\n    at #evaluate (C:\\Users\\tk\\Desktop\\ramazan-app\\node_modules\\puppeteer-core\\lib\\cjs\\puppeteer\\cdp\\ExecutionContext.js:391:56)\n    at async ExecutionContext.evaluate (C:\\Users\\tk\\Desktop\\ramazan-app\\node_modules\\puppeteer-core\\lib\\cjs\\puppeteer\\cdp\\ExecutionContext.js:277:16)\n    at async IsolatedWorld.evaluate (C:\\Users\\tk\\Desktop\\ramazan-app\\node_modules\\puppeteer-core\\lib\\cjs\\puppeteer\\cdp\\IsolatedWorld.js:100:16)\n    at async CdpFrame.evaluate (C:\\Users\\tk\\Desktop\\ramazan-app\\node_modules\\puppeteer-core\\lib\\cjs\\puppeteer\\api\\Frame.js:362:20)\n    at async CdpPage.evaluate (C:\\Users\\tk\\Desktop\\ramazan-app\\node_modules\\puppeteer-core\\lib\\cjs\\puppeteer\\api\\Page.js:818:20)\n    at async Client.requestPairingCode (C:\\Users\\tk\\Desktop\\ramazan-app\\node_modules\\whatsapp-web.js\\src\\Client.js:395:16)\n    at async Object.pairWithPhone (C:\\Users\\tk\\Desktop\\ramazan-app\\src\\services\\whatsapp.service.js:571:22)\n    at async pairWithPhone (C:\\Users\\tk\\Desktop\\ramazan-app\\src\\controllers\\whatsapp.controller.js:30:22)","timestamp":"2026-01-10T21:49:46.597Z"}
{"level":"info","message":"QR Code generated","timestamp":"2026-01-10T21:50:23.469Z"}
{"level":"error","message":"Pairing failed window.onCodeReceivedEvent is not a function","name":"TypeError","stack":"TypeError: window.onCodeReceivedEvent is not a function\n    at evaluate (evaluate at Client.requestPairingCode (C:\\Users\\tk\\Desktop\\ramazan-app\\node_modules\\whatsapp-web.js\\src\\Client.js:395:35), <anonymous>:19:26)\n    at #evaluate (C:\\Users\\tk\\Desktop\\ramazan-app\\node_modules\\puppeteer-core\\lib\\cjs\\puppeteer\\cdp\\ExecutionContext.js:391:56)\n    at async ExecutionContext.evaluate (C:\\Users\\tk\\Desktop\\ramazan-app\\node_modules\\puppeteer-core\\lib\\cjs\\puppeteer\\cdp\\ExecutionContext.js:277:16)\n    at async IsolatedWorld.evaluate (C:\\Users\\tk\\Desktop\\ramazan-app\\node_modules\\puppeteer-core\\lib\\cjs\\puppeteer\\cdp\\IsolatedWorld.js:100:16)\n    at async CdpFrame.evaluate (C:\\Users\\tk\\Desktop\\ramazan-app\\node_modules\\puppeteer-core\\lib\\cjs\\puppeteer\\api\\Frame.js:362:20)\n    at async CdpPage.evaluate (C:\\Users\\tk\\Desktop\\ramazan-app\\node_modules\\puppeteer-core\\lib\\cjs\\puppeteer\\api\\Page.js:818:20)\n    at async Client.requestPairingCode (C:\\Users\\tk\\Desktop\\ramazan-app\\node_modules\\whatsapp-web.js\\src\\Client.js:395:16)\n    at async Object.pairWithPhone (C:\\Users\\tk\\Desktop\\ramazan-app\\src\\services\\whatsapp.service.js:571:22)\n    at async pairWithPhone (C:\\Users\\tk\\Desktop\\ramazan-app\\src\\controllers\\whatsapp.controller.js:30:22)","timestamp":"2026-01-10T21:50:27.708Z"}
{"level":"info","message":"QR Code generated","timestamp":"2026-01-10T21:50:43.475Z"}
{"level":"info","message":"QR Code generated","timestamp":"2026-01-10T21:51:03.487Z"}
{"level":"info","message":"QR Code generated","timestamp":"2026-01-10T21:51:23.501Z"}
{"level":"info","message":"QR Code generated","timestamp":"2026-01-10T21:51:43.504Z"}
{"level":"info","message":"QR Code generated","timestamp":"2026-01-10T21:53:13.263Z"}
{"level":"info","message":"QR Code generated","timestamp":"2026-01-10T21:54:13.272Z"}
{"level":"info","message":"QR Code generated","timestamp":"2026-01-10T21:54:33.275Z"}
{"level":"info","message":"QR Code generated","timestamp":"2026-01-10T21:54:53.282Z"}
{"level":"info","message":"QR Code generated","timestamp":"2026-01-10T21:55:13.289Z"}
{"level":"info","message":"QR Code generated","timestamp":"2026-01-10T21:55:33.303Z"}
{"level":"info","message":"Server running in development mode on port 5000","timestamp":"2026-01-10T22:05:43.159Z"}
{"level":"error","message":"Error: net::ERR_NAME_NOT_RESOLVED at https://web.whatsapp.com/","timestamp":"2026-01-10T22:05:58.826Z"}
{"level":"info","message":"Server running in development mode on port 5000","timestamp":"2026-01-10T22:09:16.385Z"}
{"level":"error","message":"Error: net::ERR_NAME_NOT_RESOLVED at https://web.whatsapp.com/","timestamp":"2026-01-10T22:09:32.025Z"}
{"level":"info","message":"Server running in development mode on port 5000","timestamp":"2026-01-10T22:09:59.144Z"}
{"level":"info","message":"QR Code generated","timestamp":"2026-01-10T22:10:06.383Z"}
{"level":"error","message":"500 - Settings is not defined - /api/appointments/settings - GET - ::1","timestamp":"2026-01-10T22:10:18.114Z"}
{"level":"error","message":"500 - Settings is not defined - /api/appointments/settings - GET - ::1","timestamp":"2026-01-10T22:10:18.117Z"}
{"level":"error","message":"500 - Settings is not defined - /api/appointments/settings - GET - ::1","timestamp":"2026-01-10T22:10:59.015Z"}
{"level":"error","message":"500 - Settings is not defined - /api/appointments/settings - GET - ::1","timestamp":"2026-01-10T22:10:59.018Z"}
{"level":"info","message":"QR Code generated","timestamp":"2026-01-10T22:11:06.296Z"}
{"level":"info","message":"QR Code generated","timestamp":"2026-01-10T22:11:26.305Z"}
{"level":"info","message":"QR Code generated","timestamp":"2026-01-10T22:11:46.310Z"}
{"level":"info","message":"Server running in development mode on port 5000","timestamp":"2026-01-10T22:12:08.774Z"}
{"level":"info","message":"QR Code generated","timestamp":"2026-01-10T22:12:13.300Z"}
{"level":"info","message":"QR Code generated","timestamp":"2026-01-10T22:13:13.216Z"}
{"level":"info","message":"QR Code generated","timestamp":"2026-01-10T22:13:33.229Z"}
{"level":"info","message":"QR Code generated","timestamp":"2026-01-10T22:13:53.231Z"}
{"level":"info","message":"QR Code generated","timestamp":"2026-01-10T22:14:13.235Z"}
{"level":"info","message":"Server running in development mode on port 5000","timestamp":"2026-01-10T22:14:21.876Z"}
{"level":"info","message":"QR Code generated","timestamp":"2026-01-10T22:14:26.693Z"}
{"level":"info","message":"QR Code generated","timestamp":"2026-01-10T22:15:26.607Z"}
{"level":"info","message":"QR Code generated","timestamp":"2026-01-10T22:15:46.623Z"}
{"level":"info","message":"QR Code generated","timestamp":"2026-01-10T22:16:06.625Z"}
{"level":"info","message":"QR Code generated","timestamp":"2026-01-10T22:16:26.631Z"}
{"level":"info","message":"QR Code generated","timestamp":"2026-01-10T22:16:46.642Z"}
{"level":"info","message":"Server running in development mode on port 5000","timestamp":"2026-01-10T22:19:35.767Z"}
{"level":"info","message":"QR Code generated","timestamp":"2026-01-10T22:19:42.513Z"}
{"level":"info","message":"QR Code generated","timestamp":"2026-01-10T22:20:42.435Z"}
{"level":"info","message":"Admin logged in: admin","timestamp":"2026-01-10T22:20:56.982Z"}
{"level":"info","message":"QR Code generated","timestamp":"2026-01-10T22:21:02.449Z"}
{"level":"info","message":"QR Code generated","timestamp":"2026-01-10T22:21:22.455Z"}
{"level":"warn","message":"Pairing attempt 1 failed: window.onCodeReceivedEvent is not a function","timestamp":"2026-01-10T22:21:39.499Z"}
{"level":"warn","message":"Pairing attempt 2 failed: window.onCodeReceivedEvent is not a function","timestamp":"2026-01-10T22:21:41.970Z"}
{"level":"info","message":"QR Code generated","timestamp":"2026-01-10T22:21:42.468Z"}
{"level":"warn","message":"Pairing attempt 3 failed: window.onCodeReceivedEvent is not a function","timestamp":"2026-01-10T22:21:44.480Z"}
{"level":"error","message":"Pairing failed window.onCodeReceivedEvent is not a function","name":"TypeError","stack":"TypeError: window.onCodeReceivedEvent is not a function\n    at evaluate (evaluate at Client.requestPairingCode (C:\\Users\\tk\\Desktop\\ramazan-app\\node_modules\\whatsapp-web.js\\src\\Client.js:395:35), <anonymous>:19:26)\n    at #evaluate (C:\\Users\\tk\\Desktop\\ramazan-app\\node_modules\\puppeteer-core\\lib\\cjs\\puppeteer\\cdp\\ExecutionContext.js:391:56)\n    at async ExecutionContext.evaluate (C:\\Users\\tk\\Desktop\\ramazan-app\\node_modules\\puppeteer-core\\lib\\cjs\\puppeteer\\cdp\\ExecutionContext.js:277:16)\n    at async IsolatedWorld.evaluate (C:\\Users\\tk\\Desktop\\ramazan-app\\node_modules\\puppeteer-core\\lib\\cjs\\puppeteer\\cdp\\IsolatedWorld.js:100:16)\n    at async CdpFrame.evaluate (C:\\Users\\tk\\Desktop\\ramazan-app\\node_modules\\puppeteer-core\\lib\\cjs\\puppeteer\\api\\Frame.js:362:20)\n    at async CdpPage.evaluate (C:\\Users\\tk\\Desktop\\ramazan-app\\node_modules\\puppeteer-core\\lib\\cjs\\puppeteer\\api\\Page.js:818:20)\n    at async Client.requestPairingCode (C:\\Users\\tk\\Desktop\\ramazan-app\\node_modules\\whatsapp-web.js\\src\\Client.js:395:16)\n    at async Object.pairWithPhone (C:\\Users\\tk\\Desktop\\ramazan-app\\src\\services\\whatsapp.service.js:581:30)\n    at async pairWithPhone (C:\\Users\\tk\\Desktop\\ramazan-app\\src\\controllers\\whatsapp.controller.js:30:22)","timestamp":"2026-01-10T22:21:44.481Z"}
{"level":"info","message":"QR Code generated","timestamp":"2026-01-10T22:22:02.473Z"}
{"level":"info","message":"QR Code generated","timestamp":"2026-01-10T22:23:14.391Z"}
{"level":"info","message":"QR Code generated","timestamp":"2026-01-10T22:24:14.400Z"}
{"level":"info","message":"Admin created service: saç+sakal","timestamp":"2026-01-10T22:24:34.341Z"}
{"level":"info","message":"QR Code generated","timestamp":"2026-01-10T22:24:34.413Z"}
{"level":"info","message":"QR Code generated","timestamp":"2026-01-10T22:24:54.425Z"}
{"level":"info","message":"QR Code generated","timestamp":"2026-01-10T22:25:14.435Z"}
{"level":"info","message":"QR Code generated","timestamp":"2026-01-10T22:25:34.440Z"}
{"level":"info","message":"QR Code generated","timestamp":"2026-01-10T22:26:47.563Z"}
{"level":"info","message":"Server running in development mode on port 5000","timestamp":"2026-01-10T22:28:19.172Z"}
{"level":"info","message":"QR Code generated","timestamp":"2026-01-10T22:28:26.146Z"}
{"level":"info","message":"QR Code generated","timestamp":"2026-01-10T22:29:26.054Z"}
{"level":"info","message":"QR Code generated","timestamp":"2026-01-10T22:29:46.057Z"}
{"level":"info","message":"Appointment cancelled: 696246a11891cc065c2fbb61","timestamp":"2026-01-10T22:29:57.756Z"}
{"level":"info","message":"Admin cancelled appointment: 696246a11891cc065c2fbb61","timestamp":"2026-01-10T22:29:57.757Z"}
{"level":"info","message":"Appointment cancelled: 69624579103827f6ae089e53","timestamp":"2026-01-10T22:30:01.887Z"}
{"level":"info","message":"Admin cancelled appointment: 69624579103827f6ae089e53","timestamp":"2026-01-10T22:30:01.887Z"}
{"level":"info","message":"Appointment cancelled: 696246801891cc065c2fbb5a","timestamp":"2026-01-10T22:30:04.601Z"}
{"level":"info","message":"Admin cancelled appointment: 696246801891cc065c2fbb5a","timestamp":"2026-01-10T22:30:04.602Z"}
{"level":"info","message":"QR Code generated","timestamp":"2026-01-10T22:30:06.059Z"}
{"level":"warn","message":"Pairing attempt 1 failed: t","timestamp":"2026-01-10T22:30:16.813Z"}
{"level":"warn","message":"Pairing attempt 2 failed: t","timestamp":"2026-01-10T22:30:19.285Z"}
{"level":"warn","message":"Pairing attempt 3 failed: t","timestamp":"2026-01-10T22:30:21.586Z"}
{"level":"error","message":"Pairing failed t","name":"t","stack":"t: t\n    at #evaluate (C:\\Users\\tk\\Desktop\\ramazan-app\\node_modules\\puppeteer-core\\lib\\cjs\\puppeteer\\cdp\\ExecutionContext.js:391:56)\n    at async ExecutionContext.evaluate (C:\\Users\\tk\\Desktop\\ramazan-app\\node_modules\\puppeteer-core\\lib\\cjs\\puppeteer\\cdp\\ExecutionContext.js:277:16)\n    at async IsolatedWorld.evaluate (C:\\Users\\tk\\Desktop\\ramazan-app\\node_modules\\puppeteer-core\\lib\\cjs\\puppeteer\\cdp\\IsolatedWorld.js:100:16)\n    at async CdpFrame.evaluate (C:\\Users\\tk\\Desktop\\ramazan-app\\node_modules\\puppeteer-core\\lib\\cjs\\puppeteer\\api\\Frame.js:362:20)\n    at async CdpPage.evaluate (C:\\Users\\tk\\Desktop\\ramazan-app\\node_modules\\puppeteer-core\\lib\\cjs\\puppeteer\\api\\Page.js:818:20)\n    at async Client.requestPairingCode (C:\\Users\\tk\\Desktop\\ramazan-app\\node_modules\\whatsapp-web.js\\src\\Client.js:395:16)\n    at async Object.pairWithPhone (C:\\Users\\tk\\Desktop\\ramazan-app\\src\\services\\whatsapp.service.js:581:30)\n    at async pairWithPhone (C:\\Users\\tk\\Desktop\\ramazan-app\\src\\controllers\\whatsapp.controller.js:30:22)","timestamp":"2026-01-10T22:30:21.586Z"}
{"level":"info","message":"QR Code generated","timestamp":"2026-01-10T22:30:26.073Z"}
{"level":"info","message":"QR Code generated","timestamp":"2026-01-10T22:30:46.085Z"}
{"level":"info","message":"QR Code generated","timestamp":"2026-01-10T22:31:57.704Z"}
{"level":"info","message":"Server running in development mode on port 5000","timestamp":"2026-01-10T22:32:29.250Z"}
{"level":"info","message":"QR Code generated","timestamp":"2026-01-10T22:32:37.855Z"}
{"level":"warn","message":"Pairing attempt 1 failed: t","name":"t","stack":"t: t\n    at #evaluate (C:\\Users\\tk\\Desktop\\ramazan-app\\node_modules\\puppeteer-core\\lib\\cjs\\puppeteer\\cdp\\ExecutionContext.js:391:56)\n    at async ExecutionContext.evaluate (C:\\Users\\tk\\Desktop\\ramazan-app\\node_modules\\puppeteer-core\\lib\\cjs\\puppeteer\\cdp\\ExecutionContext.js:277:16)\n    at async IsolatedWorld.evaluate (C:\\Users\\tk\\Desktop\\ramazan-app\\node_modules\\puppeteer-core\\lib\\cjs\\puppeteer\\cdp\\IsolatedWorld.js:100:16)\n    at async CdpFrame.evaluate (C:\\Users\\tk\\Desktop\\ramazan-app\\node_modules\\puppeteer-core\\lib\\cjs\\puppeteer\\api\\Frame.js:362:20)\n    at async CdpPage.evaluate (C:\\Users\\tk\\Desktop\\ramazan-app\\node_modules\\puppeteer-core\\lib\\cjs\\puppeteer\\api\\Page.js:818:20)\n    at async Client.requestPairingCode (C:\\Users\\tk\\Desktop\\ramazan-app\\node_modules\\whatsapp-web.js\\src\\Client.js:395:16)\n    at async Object.pairWithPhone (C:\\Users\\tk\\Desktop\\ramazan-app\\src\\services\\whatsapp.service.js:581:30)\n    at async pairWithPhone (C:\\Users\\tk\\Desktop\\ramazan-app\\src\\controllers\\whatsapp.controller.js:30:22)","timestamp":"2026-01-10T22:33:11.086Z"}
{"level":"warn","message":"Pairing attempt 2 failed: t","name":"t","stack":"t: t\n    at #evaluate (C:\\Users\\tk\\Desktop\\ramazan-app\\node_modules\\puppeteer-core\\lib\\cjs\\puppeteer\\cdp\\ExecutionContext.js:391:56)\n    at async ExecutionContext.evaluate (C:\\Users\\tk\\Desktop\\ramazan-app\\node_modules\\puppeteer-core\\lib\\cjs\\puppeteer\\cdp\\ExecutionContext.js:277:16)\n    at async IsolatedWorld.evaluate (C:\\Users\\tk\\Desktop\\ramazan-app\\node_modules\\puppeteer-core\\lib\\cjs\\puppeteer\\cdp\\IsolatedWorld.js:100:16)\n    at async CdpFrame.evaluate (C:\\Users\\tk\\Desktop\\ramazan-app\\node_modules\\puppeteer-core\\lib\\cjs\\puppeteer\\api\\Frame.js:362:20)\n    at async CdpPage.evaluate (C:\\Users\\tk\\Desktop\\ramazan-app\\node_modules\\puppeteer-core\\lib\\cjs\\puppeteer\\api\\Page.js:818:20)\n    at async Client.requestPairingCode (C:\\Users\\tk\\Desktop\\ramazan-app\\node_modules\\whatsapp-web.js\\src\\Client.js:395:16)\n    at async Object.pairWithPhone (C:\\Users\\tk\\Desktop\\ramazan-app\\src\\services\\whatsapp.service.js:581:30)\n    at async pairWithPhone (C:\\Users\\tk\\Desktop\\ramazan-app\\src\\controllers\\whatsapp.controller.js:30:22)","timestamp":"2026-01-10T22:33:13.481Z"}
{"level":"warn","message":"Pairing attempt 3 failed: t","name":"t","stack":"t: t\n    at #evaluate (C:\\Users\\tk\\Desktop\\ramazan-app\\node_modules\\puppeteer-core\\lib\\cjs\\puppeteer\\cdp\\ExecutionContext.js:391:56)\n    at async ExecutionContext.evaluate (C:\\Users\\tk\\Desktop\\ramazan-app\\node_modules\\puppeteer-core\\lib\\cjs\\puppeteer\\cdp\\ExecutionContext.js:277:16)\n    at async IsolatedWorld.evaluate (C:\\Users\\tk\\Desktop\\ramazan-app\\node_modules\\puppeteer-core\\lib\\cjs\\puppeteer\\cdp\\IsolatedWorld.js:100:16)\n    at async CdpFrame.evaluate (C:\\Users\\tk\\Desktop\\ramazan-app\\node_modules\\puppeteer-core\\lib\\cjs\\puppeteer\\api\\Frame.js:362:20)\n    at async CdpPage.evaluate (C:\\Users\\tk\\Desktop\\ramazan-app\\node_modules\\puppeteer-core\\lib\\cjs\\puppeteer\\api\\Page.js:818:20)\n    at async Client.requestPairingCode (C:\\Users\\tk\\Desktop\\ramazan-app\\node_modules\\whatsapp-web.js\\src\\Client.js:395:16)\n    at async Object.pairWithPhone (C:\\Users\\tk\\Desktop\\ramazan-app\\src\\services\\whatsapp.service.js:581:30)\n    at async pairWithPhone (C:\\Users\\tk\\Desktop\\ramazan-app\\src\\controllers\\whatsapp.controller.js:30:22)","timestamp":"2026-01-10T22:33:16.312Z"}
{"level":"error","message":"Pairing failed t","name":"t","stack":"t: t\n    at #evaluate (C:\\Users\\tk\\Desktop\\ramazan-app\\node_modules\\puppeteer-core\\lib\\cjs\\puppeteer\\cdp\\ExecutionContext.js:391:56)\n    at async ExecutionContext.evaluate (C:\\Users\\tk\\Desktop\\ramazan-app\\node_modules\\puppeteer-core\\lib\\cjs\\puppeteer\\cdp\\ExecutionContext.js:277:16)\n    at async IsolatedWorld.evaluate (C:\\Users\\tk\\Desktop\\ramazan-app\\node_modules\\puppeteer-core\\lib\\cjs\\puppeteer\\cdp\\IsolatedWorld.js:100:16)\n    at async CdpFrame.evaluate (C:\\Users\\tk\\Desktop\\ramazan-app\\node_modules\\puppeteer-core\\lib\\cjs\\puppeteer\\api\\Frame.js:362:20)\n    at async CdpPage.evaluate (C:\\Users\\tk\\Desktop\\ramazan-app\\node_modules\\puppeteer-core\\lib\\cjs\\puppeteer\\api\\Page.js:818:20)\n    at async Client.requestPairingCode (C:\\Users\\tk\\Desktop\\ramazan-app\\node_modules\\whatsapp-web.js\\src\\Client.js:395:16)\n    at async Object.pairWithPhone (C:\\Users\\tk\\Desktop\\ramazan-app\\src\\services\\whatsapp.service.js:581:30)\n    at async pairWithPhone (C:\\Users\\tk\\Desktop\\ramazan-app\\src\\controllers\\whatsapp.controller.js:30:22)","timestamp":"2026-01-10T22:33:16.313Z"}
{"level":"info","message":"QR Code generated","timestamp":"2026-01-10T22:33:37.773Z"}
{"level":"info","message":"QR Code generated","timestamp":"2026-01-10T22:33:57.788Z"}
{"level":"info","message":"QR Code generated","timestamp":"2026-01-10T22:34:17.794Z"}
{"level":"info","message":"QR Code generated","timestamp":"2026-01-10T22:34:37.797Z"}
{"level":"info","message":"QR Code generated","timestamp":"2026-01-10T22:34:57.802Z"}
{"level":"warn","message":"Pairing attempt 1 failed: t","name":"t","stack":"t: t\n    at #evaluate (C:\\Users\\tk\\Desktop\\ramazan-app\\node_modules\\puppeteer-core\\lib\\cjs\\puppeteer\\cdp\\ExecutionContext.js:391:56)\n    at async ExecutionContext.evaluate (C:\\Users\\tk\\Desktop\\ramazan-app\\node_modules\\puppeteer-core\\lib\\cjs\\puppeteer\\cdp\\ExecutionContext.js:277:16)\n    at async IsolatedWorld.evaluate (C:\\Users\\tk\\Desktop\\ramazan-app\\node_modules\\puppeteer-core\\lib\\cjs\\puppeteer\\cdp\\IsolatedWorld.js:100:16)\n    at async CdpFrame.evaluate (C:\\Users\\tk\\Desktop\\ramazan-app\\node_modules\\puppeteer-core\\lib\\cjs\\puppeteer\\api\\Frame.js:362:20)\n    at async CdpPage.evaluate (C:\\Users\\tk\\Desktop\\ramazan-app\\node_modules\\puppeteer-core\\lib\\cjs\\puppeteer\\api\\Page.js:818:20)\n    at async Client.requestPairingCode (C:\\Users\\tk\\Desktop\\ramazan-app\\node_modules\\whatsapp-web.js\\src\\Client.js:395:16)\n    at async Object.pairWithPhone (C:\\Users\\tk\\Desktop\\ramazan-app\\src\\services\\whatsapp.service.js:581:30)\n    at async pairWithPhone (C:\\Users\\tk\\Desktop\\ramazan-app\\src\\controllers\\whatsapp.controller.js:30:22)","timestamp":"2026-01-10T22:35:16.929Z"}
{"level":"warn","message":"Pairing attempt 2 failed: t","name":"t","stack":"t: t\n    at #evaluate (C:\\Users\\tk\\Desktop\\ramazan-app\\node_modules\\puppeteer-core\\lib\\cjs\\puppeteer\\cdp\\ExecutionContext.js:391:56)\n    at async ExecutionContext.evaluate (C:\\Users\\tk\\Desktop\\ramazan-app\\node_modules\\puppeteer-core\\lib\\cjs\\puppeteer\\cdp\\ExecutionContext.js:277:16)\n    at async IsolatedWorld.evaluate (C:\\Users\\tk\\Desktop\\ramazan-app\\node_modules\\puppeteer-core\\lib\\cjs\\puppeteer\\cdp\\IsolatedWorld.js:100:16)\n    at async CdpFrame.evaluate (C:\\Users\\tk\\Desktop\\ramazan-app\\node_modules\\puppeteer-core\\lib\\cjs\\puppeteer\\api\\Frame.js:362:20)\n    at async CdpPage.evaluate (C:\\Users\\tk\\Desktop\\ramazan-app\\node_modules\\puppeteer-core\\lib\\cjs\\puppeteer\\api\\Page.js:818:20)\n    at async Client.requestPairingCode (C:\\Users\\tk\\Desktop\\ramazan-app\\node_modules\\whatsapp-web.js\\src\\Client.js:395:16)\n    at async Object.pairWithPhone (C:\\Users\\tk\\Desktop\\ramazan-app\\src\\services\\whatsapp.service.js:581:30)\n    at async pairWithPhone (C:\\Users\\tk\\Desktop\\ramazan-app\\src\\controllers\\whatsapp.controller.js:30:22)","timestamp":"2026-01-10T22:35:19.317Z"}
{"level":"warn","message":"Pairing attempt 3 failed: t","name":"t","stack":"t: t\n    at #evaluate (C:\\Users\\tk\\Desktop\\ramazan-app\\node_modules\\puppeteer-core\\lib\\cjs\\puppeteer\\cdp\\ExecutionContext.js:391:56)\n    at async ExecutionContext.evaluate (C:\\Users\\tk\\Desktop\\ramazan-app\\node_modules\\puppeteer-core\\lib\\cjs\\puppeteer\\cdp\\ExecutionContext.js:277:16)\n    at async IsolatedWorld.evaluate (C:\\Users\\tk\\Desktop\\ramazan-app\\node_modules\\puppeteer-core\\lib\\cjs\\puppeteer\\cdp\\IsolatedWorld.js:100:16)\n    at async CdpFrame.evaluate (C:\\Users\\tk\\Desktop\\ramazan-app\\node_modules\\puppeteer-core\\lib\\cjs\\puppeteer\\api\\Frame.js:362:20)\n    at async CdpPage.evaluate (C:\\Users\\tk\\Desktop\\ramazan-app\\node_modules\\puppeteer-core\\lib\\cjs\\puppeteer\\api\\Page.js:818:20)\n    at async Client.requestPairingCode (C:\\Users\\tk\\Desktop\\ramazan-app\\node_modules\\whatsapp-web.js\\src\\Client.js:395:16)\n    at async Object.pairWithPhone (C:\\Users\\tk\\Desktop\\ramazan-app\\src\\services\\whatsapp.service.js:581:30)\n    at async pairWithPhone (C:\\Users\\tk\\Desktop\\ramazan-app\\src\\controllers\\whatsapp.controller.js:30:22)","timestamp":"2026-01-10T22:35:22.136Z"}
{"level":"error","message":"Pairing failed t","name":"t","stack":"t: t\n    at #evaluate (C:\\Users\\tk\\Desktop\\ramazan-app\\node_modules\\puppeteer-core\\lib\\cjs\\puppeteer\\cdp\\ExecutionContext.js:391:56)\n    at async ExecutionContext.evaluate (C:\\Users\\tk\\Desktop\\ramazan-app\\node_modules\\puppeteer-core\\lib\\cjs\\puppeteer\\cdp\\ExecutionContext.js:277:16)\n    at async IsolatedWorld.evaluate (C:\\Users\\tk\\Desktop\\ramazan-app\\node_modules\\puppeteer-core\\lib\\cjs\\puppeteer\\cdp\\IsolatedWorld.js:100:16)\n    at async CdpFrame.evaluate (C:\\Users\\tk\\Desktop\\ramazan-app\\node_modules\\puppeteer-core\\lib\\cjs\\puppeteer\\api\\Frame.js:362:20)\n    at async CdpPage.evaluate (C:\\Users\\tk\\Desktop\\ramazan-app\\node_modules\\puppeteer-core\\lib\\cjs\\puppeteer\\api\\Page.js:818:20)\n    at async Client.requestPairingCode (C:\\Users\\tk\\Desktop\\ramazan-app\\node_modules\\whatsapp-web.js\\src\\Client.js:395:16)\n    at async Object.pairWithPhone (C:\\Users\\tk\\Desktop\\ramazan-app\\src\\services\\whatsapp.service.js:581:30)\n    at async pairWithPhone (C:\\Users\\tk\\Desktop\\ramazan-app\\src\\controllers\\whatsapp.controller.js:30:22)","timestamp":"2026-01-10T22:35:22.137Z"}
{"level":"info","message":"Server running in development mode on port 5000","timestamp":"2026-01-10T22:37:35.537Z"}
{"level":"info","message":"QR Code generated","timestamp":"2026-01-10T22:37:44.950Z"}
{"level":"warn","message":"Pairing attempt 1 failed: t","name":"t","stack":"t: t\n    at #evaluate (C:\\Users\\tk\\Desktop\\ramazan-app\\node_modules\\puppeteer-core\\lib\\cjs\\puppeteer\\cdp\\ExecutionContext.js:391:56)\n    at async ExecutionContext.evaluate (C:\\Users\\tk\\Desktop\\ramazan-app\\node_modules\\puppeteer-core\\lib\\cjs\\puppeteer\\cdp\\ExecutionContext.js:277:16)\n    at async IsolatedWorld.evaluate (C:\\Users\\tk\\Desktop\\ramazan-app\\node_modules\\puppeteer-core\\lib\\cjs\\puppeteer\\cdp\\IsolatedWorld.js:100:16)\n    at async CdpFrame.evaluate (C:\\Users\\tk\\Desktop\\ramazan-app\\node_modules\\puppeteer-core\\lib\\cjs\\puppeteer\\api\\Frame.js:362:20)\n    at async CdpPage.evaluate (C:\\Users\\tk\\Desktop\\ramazan-app\\node_modules\\puppeteer-core\\lib\\cjs\\puppeteer\\api\\Page.js:818:20)\n    at async Client.requestPairingCode (C:\\Users\\tk\\Desktop\\ramazan-app\\node_modules\\whatsapp-web.js\\src\\Client.js:395:16)\n    at async Object.pairWithPhone (C:\\Users\\tk\\Desktop\\ramazan-app\\src\\services\\whatsapp.service.js:588:30)\n    at async pairWithPhone (C:\\Users\\tk\\Desktop\\ramazan-app\\src\\controllers\\whatsapp.controller.js:30:22)","timestamp":"2026-01-10T22:38:12.410Z"}
{"level":"warn","message":"Pairing attempt 2 failed: t","name":"t","stack":"t: t\n    at #evaluate (C:\\Users\\tk\\Desktop\\ramazan-app\\node_modules\\puppeteer-core\\lib\\cjs\\puppeteer\\cdp\\ExecutionContext.js:391:56)\n    at async ExecutionContext.evaluate (C:\\Users\\tk\\Desktop\\ramazan-app\\node_modules\\puppeteer-core\\lib\\cjs\\puppeteer\\cdp\\ExecutionContext.js:277:16)\n    at async IsolatedWorld.evaluate (C:\\Users\\tk\\Desktop\\ramazan-app\\node_modules\\puppeteer-core\\lib\\cjs\\puppeteer\\cdp\\IsolatedWorld.js:100:16)\n    at async CdpFrame.evaluate (C:\\Users\\tk\\Desktop\\ramazan-app\\node_modules\\puppeteer-core\\lib\\cjs\\puppeteer\\api\\Frame.js:362:20)\n    at async CdpPage.evaluate (C:\\Users\\tk\\Desktop\\ramazan-app\\node_modules\\puppeteer-core\\lib\\cjs\\puppeteer\\api\\Page.js:818:20)\n    at async Client.requestPairingCode (C:\\Users\\tk\\Desktop\\ramazan-app\\node_modules\\whatsapp-web.js\\src\\Client.js:395:16)\n    at async Object.pairWithPhone (C:\\Users\\tk\\Desktop\\ramazan-app\\src\\services\\whatsapp.service.js:588:30)\n    at async pairWithPhone (C:\\Users\\tk\\Desktop\\ramazan-app\\src\\controllers\\whatsapp.controller.js:30:22)","timestamp":"2026-01-10T22:38:19.831Z"}
{"level":"warn","message":"Pairing attempt 3 failed: t","name":"t","stack":"t: t\n    at #evaluate (C:\\Users\\tk\\Desktop\\ramazan-app\\node_modules\\puppeteer-core\\lib\\cjs\\puppeteer\\cdp\\ExecutionContext.js:391:56)\n    at async ExecutionContext.evaluate (C:\\Users\\tk\\Desktop\\ramazan-app\\node_modules\\puppeteer-core\\lib\\cjs\\puppeteer\\cdp\\ExecutionContext.js:277:16)\n    at async IsolatedWorld.evaluate (C:\\Users\\tk\\Desktop\\ramazan-app\\node_modules\\puppeteer-core\\lib\\cjs\\puppeteer\\cdp\\IsolatedWorld.js:100:16)\n    at async CdpFrame.evaluate (C:\\Users\\tk\\Desktop\\ramazan-app\\node_modules\\puppeteer-core\\lib\\cjs\\puppeteer\\api\\Frame.js:362:20)\n    at async CdpPage.evaluate (C:\\Users\\tk\\Desktop\\ramazan-app\\node_modules\\puppeteer-core\\lib\\cjs\\puppeteer\\api\\Page.js:818:20)\n    at async Client.requestPairingCode (C:\\Users\\tk\\Desktop\\ramazan-app\\node_modules\\whatsapp-web.js\\src\\Client.js:395:16)\n    at async Object.pairWithPhone (C:\\Users\\tk\\Desktop\\ramazan-app\\src\\services\\whatsapp.service.js:588:30)\n    at async pairWithPhone (C:\\Users\\tk\\Desktop\\ramazan-app\\src\\controllers\\whatsapp.controller.js:30:22)","timestamp":"2026-01-10T22:38:27.248Z"}
{"level":"error","message":"Pairing failed t","name":"t","stack":"t: t\n    at #evaluate (C:\\Users\\tk\\Desktop\\ramazan-app\\node_modules\\puppeteer-core\\lib\\cjs\\puppeteer\\cdp\\ExecutionContext.js:391:56)\n    at async ExecutionContext.evaluate (C:\\Users\\tk\\Desktop\\ramazan-app\\node_modules\\puppeteer-core\\lib\\cjs\\puppeteer\\cdp\\ExecutionContext.js:277:16)\n    at async IsolatedWorld.evaluate (C:\\Users\\tk\\Desktop\\ramazan-app\\node_modules\\puppeteer-core\\lib\\cjs\\puppeteer\\cdp\\IsolatedWorld.js:100:16)\n    at async CdpFrame.evaluate (C:\\Users\\tk\\Desktop\\ramazan-app\\node_modules\\puppeteer-core\\lib\\cjs\\puppeteer\\api\\Frame.js:362:20)\n    at async CdpPage.evaluate (C:\\Users\\tk\\Desktop\\ramazan-app\\node_modules\\puppeteer-core\\lib\\cjs\\puppeteer\\api\\Page.js:818:20)\n    at async Client.requestPairingCode (C:\\Users\\tk\\Desktop\\ramazan-app\\node_modules\\whatsapp-web.js\\src\\Client.js:395:16)\n    at async Object.pairWithPhone (C:\\Users\\tk\\Desktop\\ramazan-app\\src\\services\\whatsapp.service.js:588:30)\n    at async pairWithPhone (C:\\Users\\tk\\Desktop\\ramazan-app\\src\\controllers\\whatsapp.controller.js:30:22)","timestamp":"2026-01-10T22:38:27.249Z"}
{"level":"info","message":"QR Code generated","timestamp":"2026-01-10T22:38:44.864Z"}
{"level":"info","message":"QR Code generated","timestamp":"2026-01-10T22:39:04.876Z"}
{"level":"info","message":"QR Code generated","timestamp":"2026-01-10T22:39:24.887Z"}
{"level":"info","message":"QR Code generated","timestamp":"2026-01-10T22:39:44.888Z"}
{"level":"info","message":"Server running in development mode on port 5000","timestamp":"2026-01-10T22:39:56.611Z"}
{"level":"info","message":"QR Code generated","timestamp":"2026-01-10T22:40:06.104Z"}
{"level":"info","message":"Waiting 15s for page stability before requesting code (Attempt 1)...","timestamp":"2026-01-10T22:40:08.380Z"}
{"level":"warn","message":"Pairing attempt 1 failed: t","name":"t","stack":"t: t\n    at #evaluate (C:\\Users\\tk\\Desktop\\ramazan-app\\node_modules\\puppeteer-core\\lib\\cjs\\puppeteer\\cdp\\ExecutionContext.js:391:56)\n    at async ExecutionContext.evaluate (C:\\Users\\tk\\Desktop\\ramazan-app\\node_modules\\puppeteer-core\\lib\\cjs\\puppeteer\\cdp\\ExecutionContext.js:277:16)\n    at async IsolatedWorld.evaluate (C:\\Users\\tk\\Desktop\\ramazan-app\\node_modules\\puppeteer-core\\lib\\cjs\\puppeteer\\cdp\\IsolatedWorld.js:100:16)\n    at async CdpFrame.evaluate (C:\\Users\\tk\\Desktop\\ramazan-app\\node_modules\\puppeteer-core\\lib\\cjs\\puppeteer\\api\\Frame.js:362:20)\n    at async CdpPage.evaluate (C:\\Users\\tk\\Desktop\\ramazan-app\\node_modules\\puppeteer-core\\lib\\cjs\\puppeteer\\api\\Page.js:818:20)\n    at async Client.requestPairingCode (C:\\Users\\tk\\Desktop\\ramazan-app\\node_modules\\whatsapp-web.js\\src\\Client.js:395:16)\n    at async Object.pairWithPhone (C:\\Users\\tk\\Desktop\\ramazan-app\\src\\services\\whatsapp.service.js:589:30)\n    at async pairWithPhone (C:\\Users\\tk\\Desktop\\ramazan-app\\src\\controllers\\whatsapp.controller.js:30:22)","timestamp":"2026-01-10T22:40:23.760Z"}
{"level":"info","message":"Waiting 15s for page stability before requesting code (Attempt 2)...","timestamp":"2026-01-10T22:40:25.763Z"}
{"level":"warn","message":"Pairing attempt 2 failed: t","name":"t","stack":"t: t\n    at #evaluate (C:\\Users\\tk\\Desktop\\ramazan-app\\node_modules\\puppeteer-core\\lib\\cjs\\puppeteer\\cdp\\ExecutionContext.js:391:56)\n    at async ExecutionContext.evaluate (C:\\Users\\tk\\Desktop\\ramazan-app\\node_modules\\puppeteer-core\\lib\\cjs\\puppeteer\\cdp\\ExecutionContext.js:277:16)\n    at async IsolatedWorld.evaluate (C:\\Users\\tk\\Desktop\\ramazan-app\\node_modules\\puppeteer-core\\lib\\cjs\\puppeteer\\cdp\\IsolatedWorld.js:100:16)\n    at async CdpFrame.evaluate (C:\\Users\\tk\\Desktop\\ramazan-app\\node_modules\\puppeteer-core\\lib\\cjs\\puppeteer\\api\\Frame.js:362:20)\n    at async CdpPage.evaluate (C:\\Users\\tk\\Desktop\\ramazan-app\\node_modules\\puppeteer-core\\lib\\cjs\\puppeteer\\api\\Page.js:818:20)\n    at async Client.requestPairingCode (C:\\Users\\tk\\Desktop\\ramazan-app\\node_modules\\whatsapp-web.js\\src\\Client.js:395:16)\n    at async Object.pairWithPhone (C:\\Users\\tk\\Desktop\\ramazan-app\\src\\services\\whatsapp.service.js:589:30)\n    at async pairWithPhone (C:\\Users\\tk\\Desktop\\ramazan-app\\src\\controllers\\whatsapp.controller.js:30:22)","timestamp":"2026-01-10T22:40:41.596Z"}
{"level":"info","message":"Waiting 15s for page stability before requesting code (Attempt 3)...","timestamp":"2026-01-10T22:40:43.613Z"}
{"level":"warn","message":"Pairing attempt 3 failed: t","name":"t","stack":"t: t\n    at #evaluate (C:\\Users\\tk\\Desktop\\ramazan-app\\node_modules\\puppeteer-core\\lib\\cjs\\puppeteer\\cdp\\ExecutionContext.js:391:56)\n    at async ExecutionContext.evaluate (C:\\Users\\tk\\Desktop\\ramazan-app\\node_modules\\puppeteer-core\\lib\\cjs\\puppeteer\\cdp\\ExecutionContext.js:277:16)\n    at async IsolatedWorld.evaluate (C:\\Users\\tk\\Desktop\\ramazan-app\\node_modules\\puppeteer-core\\lib\\cjs\\puppeteer\\cdp\\IsolatedWorld.js:100:16)\n    at async CdpFrame.evaluate (C:\\Users\\tk\\Desktop\\ramazan-app\\node_modules\\puppeteer-core\\lib\\cjs\\puppeteer\\api\\Frame.js:362:20)\n    at async CdpPage.evaluate (C:\\Users\\tk\\Desktop\\ramazan-app\\node_modules\\puppeteer-core\\lib\\cjs\\puppeteer\\api\\Page.js:818:20)\n    at async Client.requestPairingCode (C:\\Users\\tk\\Desktop\\ramazan-app\\node_modules\\whatsapp-web.js\\src\\Client.js:395:16)\n    at async Object.pairWithPhone (C:\\Users\\tk\\Desktop\\ramazan-app\\src\\services\\whatsapp.service.js:589:30)\n    at async pairWithPhone (C:\\Users\\tk\\Desktop\\ramazan-app\\src\\controllers\\whatsapp.controller.js:30:22)","timestamp":"2026-01-10T22:40:59.012Z"}
{"level":"error","message":"Pairing failed t","name":"t","stack":"t: t\n    at #evaluate (C:\\Users\\tk\\Desktop\\ramazan-app\\node_modules\\puppeteer-core\\lib\\cjs\\puppeteer\\cdp\\ExecutionContext.js:391:56)\n    at async ExecutionContext.evaluate (C:\\Users\\tk\\Desktop\\ramazan-app\\node_modules\\puppeteer-core\\lib\\cjs\\puppeteer\\cdp\\ExecutionContext.js:277:16)\n    at async IsolatedWorld.evaluate (C:\\Users\\tk\\Desktop\\ramazan-app\\node_modules\\puppeteer-core\\lib\\cjs\\puppeteer\\cdp\\IsolatedWorld.js:100:16)\n    at async CdpFrame.evaluate (C:\\Users\\tk\\Desktop\\ramazan-app\\node_modules\\puppeteer-core\\lib\\cjs\\puppeteer\\api\\Frame.js:362:20)\n    at async CdpPage.evaluate (C:\\Users\\tk\\Desktop\\ramazan-app\\node_modules\\puppeteer-core\\lib\\cjs\\puppeteer\\api\\Page.js:818:20)\n    at async Client.requestPairingCode (C:\\Users\\tk\\Desktop\\ramazan-app\\node_modules\\whatsapp-web.js\\src\\Client.js:395:16)\n    at async Object.pairWithPhone (C:\\Users\\tk\\Desktop\\ramazan-app\\src\\services\\whatsapp.service.js:589:30)\n    at async pairWithPhone (C:\\Users\\tk\\Desktop\\ramazan-app\\src\\controllers\\whatsapp.controller.js:30:22)","timestamp":"2026-01-10T22:40:59.012Z"}
{"level":"info","message":"QR Code generated","timestamp":"2026-01-10T22:41:06.016Z"}
{"level":"info","message":"QR Code generated","timestamp":"2026-01-10T22:41:27.597Z"}
{"level":"error","message":"Error: Error: EBUSY: resource busy or locked, unlink 'C:\\Users\\tk\\Desktop\\ramazan-app\\.wwebjs_auth\\session\\first_party_sets.db-journal'","timestamp":"2026-01-10T22:41:34.175Z"}
{"level":"error","message":"Error: Error: EBUSY: resource busy or locked, unlink 'C:\\Users\\tk\\Desktop\\ramazan-app\\.wwebjs_auth\\session\\lockfile'","timestamp":"2026-01-10T22:41:34.798Z"}
{"level":"error","message":"Error: Error: EBUSY: resource busy or locked, unlink 'C:\\Users\\tk\\Desktop\\ramazan-app\\.wwebjs_auth\\session\\first_party_sets.db-journal'","timestamp":"2026-01-10T22:41:35.079Z"}
{"level":"error","message":"Error: Error: EBUSY: resource busy or locked, unlink 'C:\\Users\\tk\\Desktop\\ramazan-app\\.wwebjs_auth\\session\\lockfile'","timestamp":"2026-01-10T22:41:35.654Z"}
{"level":"info","message":"Server running in development mode on port 5000","timestamp":"2026-01-10T22:42:57.432Z"}
{"level":"info","message":"QR Code generated","timestamp":"2026-01-10T22:43:04.720Z"}
{"level":"info","message":"Server running in development mode on port 5000","timestamp":"2026-01-10T22:44:23.221Z"}
{"level":"info","message":"QR Code generated","timestamp":"2026-01-10T22:45:12.300Z"}
{"level":"error","message":"500 - CORS policy violation - /api/appointments/settings - GET - ::1","timestamp":"2026-01-10T22:45:14.394Z"}
{"level":"error","message":"500 - CORS policy violation - /api/appointments/settings - GET - ::1","timestamp":"2026-01-10T22:45:14.397Z"}
{"level":"error","message":"500 - CORS policy violation - /api/appointments/available?date=2026-01-11 - GET - ::1","timestamp":"2026-01-10T22:45:15.710Z"}
{"level":"info","message":"Server running in development mode on port 5000","timestamp":"2026-01-10T22:49:47.641Z"}
{"level":"info","message":"QR Code generated","timestamp":"2026-01-10T22:49:54.671Z"}
{"level":"info","message":"QR Code generated","timestamp":"2026-01-10T22:50:54.585Z"}
{"level":"info","message":"QR Code generated","timestamp":"2026-01-10T22:51:14.596Z"}
{"level":"info","message":"QR Code generated","timestamp":"2026-01-10T22:51:34.602Z"}
{"level":"info","message":"Waiting 15s for page stability before requesting code (Attempt 1)...","timestamp":"2026-01-10T22:51:39.938Z"}
{"level":"info","message":"WhatsApp Loading: 100% - WhatsApp","timestamp":"2026-01-10T22:51:52.209Z"}
{"level":"info","message":"QR Code generated","timestamp":"2026-01-10T22:53:38.715Z"}
{"level":"warn","message":"Pairing attempt 1 failed: Protocol error (Runtime.callFunctionOn): Execution context was destroyed.","name":"ProtocolError","stack":"ProtocolError: Protocol error (Runtime.callFunctionOn): Execution context was destroyed.\n    at <instance_members_initializer> (C:\\Users\\tk\\Desktop\\ramazan-app\\node_modules\\puppeteer-core\\lib\\cjs\\puppeteer\\common\\CallbackRegistry.js:103:14)\n    at new Callback (C:\\Users\\tk\\Desktop\\ramazan-app\\node_modules\\puppeteer-core\\lib\\cjs\\puppeteer\\common\\CallbackRegistry.js:107:16)\n    at CallbackRegistry.create (C:\\Users\\tk\\Desktop\\ramazan-app\\node_modules\\puppeteer-core\\lib\\cjs\\puppeteer\\common\\CallbackRegistry.js:25:26)\n    at Connection._rawSend (C:\\Users\\tk\\Desktop\\ramazan-app\\node_modules\\puppeteer-core\\lib\\cjs\\puppeteer\\cdp\\Connection.js:108:26)\n    at CdpCDPSession.send (C:\\Users\\tk\\Desktop\\ramazan-app\\node_modules\\puppeteer-core\\lib\\cjs\\puppeteer\\cdp\\CdpSession.js:74:33)\n    at #evaluate (C:\\Users\\tk\\Desktop\\ramazan-app\\node_modules\\puppeteer-core\\lib\\cjs\\puppeteer\\cdp\\ExecutionContext.js:363:50)\n    at ExecutionContext.evaluate (C:\\Users\\tk\\Desktop\\ramazan-app\\node_modules\\puppeteer-core\\lib\\cjs\\puppeteer\\cdp\\ExecutionContext.js:277:36)\n    at IsolatedWorld.evaluate (C:\\Users\\tk\\Desktop\\ramazan-app\\node_modules\\puppeteer-core\\lib\\cjs\\puppeteer\\cdp\\IsolatedWorld.js:100:30)\n    at CdpFrame.evaluate (C:\\Users\\tk\\Desktop\\ramazan-app\\node_modules\\puppeteer-core\\lib\\cjs\\puppeteer\\api\\Frame.js:362:43)\n    at CdpFrame.<anonymous> (C:\\Users\\tk\\Desktop\\ramazan-app\\node_modules\\puppeteer-core\\lib\\cjs\\puppeteer\\util\\decorators.js:109:27)\n    at CdpPage.evaluate (C:\\Users\\tk\\Desktop\\ramazan-app\\node_modules\\puppeteer-core\\lib\\cjs\\puppeteer\\api\\Page.js:818:43)\n    at Client.requestPairingCode (C:\\Users\\tk\\Desktop\\ramazan-app\\node_modules\\whatsapp-web.js\\src\\Client.js:395:35)\n    at Object.pairWithPhone (C:\\Users\\tk\\Desktop\\ramazan-app\\src\\services\\whatsapp.service.js:585:43)\n    at async pairWithPhone (C:\\Users\\tk\\Desktop\\ramazan-app\\src\\controllers\\whatsapp.controller.js:30:22)","timestamp":"2026-01-10T22:53:39.338Z"}
{"level":"info","message":"Waiting 15s for page stability before requesting code (Attempt 2)...","timestamp":"2026-01-10T22:53:41.344Z"}
{"level":"error","message":"Error: Error: EBUSY: resource busy or locked, unlink 'C:\\Users\\tk\\Desktop\\ramazan-app\\.wwebjs_auth\\session\\first_party_sets.db'","timestamp":"2026-01-10T22:53:45.548Z"}
{"level":"warn","message":"Pairing attempt 2 failed: Cannot read properties of undefined (reading 'PairingCodeLinkUtils')","name":"TypeError","stack":"TypeError: Cannot read properties of undefined (reading 'PairingCodeLinkUtils')\n    at getCode (evaluate at Client.requestPairingCode (C:\\Users\\tk\\Desktop\\ramazan-app\\node_modules\\whatsapp-web.js\\src\\Client.js:395:35), <anonymous>:2:41)\n    at evaluate (evaluate at Client.requestPairingCode (C:\\Users\\tk\\Desktop\\ramazan-app\\node_modules\\whatsapp-web.js\\src\\Client.js:395:35), <anonymous>:19:52)\n    at #evaluate (C:\\Users\\tk\\Desktop\\ramazan-app\\node_modules\\puppeteer-core\\lib\\cjs\\puppeteer\\cdp\\ExecutionContext.js:391:56)\n    at async ExecutionContext.evaluate (C:\\Users\\tk\\Desktop\\ramazan-app\\node_modules\\puppeteer-core\\lib\\cjs\\puppeteer\\cdp\\ExecutionContext.js:277:16)\n    at async IsolatedWorld.evaluate (C:\\Users\\tk\\Desktop\\ramazan-app\\node_modules\\puppeteer-core\\lib\\cjs\\puppeteer\\cdp\\IsolatedWorld.js:100:16)\n    at async CdpFrame.evaluate (C:\\Users\\tk\\Desktop\\ramazan-app\\node_modules\\puppeteer-core\\lib\\cjs\\puppeteer\\api\\Frame.js:362:20)\n    at async CdpPage.evaluate (C:\\Users\\tk\\Desktop\\ramazan-app\\node_modules\\puppeteer-core\\lib\\cjs\\puppeteer\\api\\Page.js:818:20)\n    at async Client.requestPairingCode (C:\\Users\\tk\\Desktop\\ramazan-app\\node_modules\\whatsapp-web.js\\src\\Client.js:395:16)\n    at async Object.pairWithPhone (C:\\Users\\tk\\Desktop\\ramazan-app\\src\\services\\whatsapp.service.js:585:30)\n    at async pairWithPhone (C:\\Users\\tk\\Desktop\\ramazan-app\\src\\controllers\\whatsapp.controller.js:30:22)","timestamp":"2026-01-10T22:53:56.346Z"}
{"level":"info","message":"Waiting 15s for page stability before requesting code (Attempt 3)...","timestamp":"2026-01-10T22:53:58.361Z"}
{"level":"warn","message":"Pairing attempt 3 failed: Cannot read properties of undefined (reading 'PairingCodeLinkUtils')","name":"TypeError","stack":"TypeError: Cannot read properties of undefined (reading 'PairingCodeLinkUtils')\n    at getCode (evaluate at Client.requestPairingCode (C:\\Users\\tk\\Desktop\\ramazan-app\\node_modules\\whatsapp-web.js\\src\\Client.js:395:35), <anonymous>:2:41)\n    at evaluate (evaluate at Client.requestPairingCode (C:\\Users\\tk\\Desktop\\ramazan-app\\node_modules\\whatsapp-web.js\\src\\Client.js:395:35), <anonymous>:19:52)\n    at #evaluate (C:\\Users\\tk\\Desktop\\ramazan-app\\node_modules\\puppeteer-core\\lib\\cjs\\puppeteer\\cdp\\ExecutionContext.js:391:56)\n    at async ExecutionContext.evaluate (C:\\Users\\tk\\Desktop\\ramazan-app\\node_modules\\puppeteer-core\\lib\\cjs\\puppeteer\\cdp\\ExecutionContext.js:277:16)\n    at async IsolatedWorld.evaluate (C:\\Users\\tk\\Desktop\\ramazan-app\\node_modules\\puppeteer-core\\lib\\cjs\\puppeteer\\cdp\\IsolatedWorld.js:100:16)\n    at async CdpFrame.evaluate (C:\\Users\\tk\\Desktop\\ramazan-app\\node_modules\\puppeteer-core\\lib\\cjs\\puppeteer\\api\\Frame.js:362:20)\n    at async CdpPage.evaluate (C:\\Users\\tk\\Desktop\\ramazan-app\\node_modules\\puppeteer-core\\lib\\cjs\\puppeteer\\api\\Page.js:818:20)\n    at async Client.requestPairingCode (C:\\Users\\tk\\Desktop\\ramazan-app\\node_modules\\whatsapp-web.js\\src\\Client.js:395:16)\n    at async Object.pairWithPhone (C:\\Users\\tk\\Desktop\\ramazan-app\\src\\services\\whatsapp.service.js:585:30)\n    at async pairWithPhone (C:\\Users\\tk\\Desktop\\ramazan-app\\src\\controllers\\whatsapp.controller.js:30:22)","timestamp":"2026-01-10T22:54:13.367Z"}
{"level":"error","message":"Pairing failed Cannot read properties of undefined (reading 'PairingCodeLinkUtils')","name":"TypeError","stack":"TypeError: Cannot read properties of undefined (reading 'PairingCodeLinkUtils')\n    at getCode (evaluate at Client.requestPairingCode (C:\\Users\\tk\\Desktop\\ramazan-app\\node_modules\\whatsapp-web.js\\src\\Client.js:395:35), <anonymous>:2:41)\n    at evaluate (evaluate at Client.requestPairingCode (C:\\Users\\tk\\Desktop\\ramazan-app\\node_modules\\whatsapp-web.js\\src\\Client.js:395:35), <anonymous>:19:52)\n    at #evaluate (C:\\Users\\tk\\Desktop\\ramazan-app\\node_modules\\puppeteer-core\\lib\\cjs\\puppeteer\\cdp\\ExecutionContext.js:391:56)\n    at async ExecutionContext.evaluate (C:\\Users\\tk\\Desktop\\ramazan-app\\node_modules\\puppeteer-core\\lib\\cjs\\puppeteer\\cdp\\ExecutionContext.js:277:16)\n    at async IsolatedWorld.evaluate (C:\\Users\\tk\\Desktop\\ramazan-app\\node_modules\\puppeteer-core\\lib\\cjs\\puppeteer\\cdp\\IsolatedWorld.js:100:16)\n    at async CdpFrame.evaluate (C:\\Users\\tk\\Desktop\\ramazan-app\\node_modules\\puppeteer-core\\lib\\cjs\\puppeteer\\api\\Frame.js:362:20)\n    at async CdpPage.evaluate (C:\\Users\\tk\\Desktop\\ramazan-app\\node_modules\\puppeteer-core\\lib\\cjs\\puppeteer\\api\\Page.js:818:20)\n    at async Client.requestPairingCode (C:\\Users\\tk\\Desktop\\ramazan-app\\node_modules\\whatsapp-web.js\\src\\Client.js:395:16)\n    at async Object.pairWithPhone (C:\\Users\\tk\\Desktop\\ramazan-app\\src\\services\\whatsapp.service.js:585:30)\n    at async pairWithPhone (C:\\Users\\tk\\Desktop\\ramazan-app\\src\\controllers\\whatsapp.controller.js:30:22)","timestamp":"2026-01-10T22:54:13.368Z"}
{"level":"info","message":"Server running in development mode on port 5000","timestamp":"2026-01-10T22:56:51.623Z"}
{"level":"info","message":"QR Code generated","timestamp":"2026-01-10T22:56:58.102Z"}
{"level":"info","message":"WhatsApp Loading: 100% - WhatsApp","timestamp":"2026-01-10T22:57:11.637Z"}
{"level":"info","message":"WhatsApp Authenticated!","timestamp":"2026-01-10T22:57:32.604Z"}
{"level":"info","message":"WhatsApp Client is ready!","timestamp":"2026-01-10T22:57:33.271Z"}
{"level":"info","message":"WhatsApp Client is ready!","timestamp":"2026-01-10T22:57:33.271Z"}
{"level":"info","message":"Daily reminder scheduler initialized (09:00 AM)","timestamp":"2026-01-10T22:57:33.301Z"}
{"level":"error","message":"WhatsApp Error: BotState validation failed: state: `CONFIRM_BOOKING` is not a valid enum value for path `state`.","timestamp":"2026-01-10T22:58:50.003Z"}
{"level":"info","message":"Running hourly reminder job...","timestamp":"2026-01-10T23:00:00.029Z"}
{"level":"info","message":"Server running in development mode on port 5000","timestamp":"2026-01-10T23:07:46.525Z"}
{"level":"info","message":"WhatsApp Loading: 95% - WhatsApp","timestamp":"2026-01-10T23:07:53.269Z"}
{"level":"info","message":"WhatsApp Authenticated!","timestamp":"2026-01-10T23:07:54.700Z"}
{"level":"info","message":"WhatsApp Loading: 99% - WhatsApp","timestamp":"2026-01-10T23:07:54.744Z"}
{"level":"info","message":"WhatsApp Client is ready!","timestamp":"2026-01-10T23:07:54.767Z"}
{"level":"info","message":"WhatsApp Client is ready!","timestamp":"2026-01-10T23:07:54.767Z"}
{"level":"info","message":"Daily reminder scheduler initialized (09:00 AM)","timestamp":"2026-01-10T23:07:54.790Z"}
{"level":"info","message":"Server running in development mode on port 5000","timestamp":"2026-01-10T23:17:39.858Z"}
{"level":"info","message":"WhatsApp Loading: 95% - WhatsApp","timestamp":"2026-01-10T23:17:45.691Z"}
{"level":"info","message":"WhatsApp Authenticated!","timestamp":"2026-01-10T23:17:46.958Z"}
{"level":"info","message":"WhatsApp Loading: 99% - WhatsApp","timestamp":"2026-01-10T23:17:46.991Z"}
{"level":"info","message":"WhatsApp Client is ready!","timestamp":"2026-01-10T23:17:47.022Z"}
{"level":"info","message":"WhatsApp Client is ready!","timestamp":"2026-01-10T23:17:47.022Z"}
{"level":"info","message":"Daily reminder scheduler initialized (09:00 AM)","timestamp":"2026-01-10T23:17:47.044Z"}
{"level":"error","message":"Booking Creation Error: Cannot read properties of undefined (reading 'id')","stack":"TypeError: Cannot read properties of undefined (reading 'id')\n    at handleMessage (C:\\Users\\tk\\Desktop\\ramazan-app\\src\\services\\whatsapp.service.js:555:50)\n    at process.processTicksAndRejections (node:internal/process/task_queues:105:5)\n    at async Client.<anonymous> (C:\\Users\\tk\\Desktop\\ramazan-app\\src\\services\\whatsapp.service.js:187:9)","timestamp":"2026-01-10T23:18:52.112Z"}
{"level":"info","message":"Server running in development mode on port 5000","timestamp":"2026-01-10T23:21:10.483Z"}
{"level":"info","message":"WhatsApp Loading: 100% - WhatsApp","timestamp":"2026-01-10T23:21:16.309Z"}
{"level":"info","message":"WhatsApp Authenticated!","timestamp":"2026-01-10T23:21:17.596Z"}
{"level":"info","message":"WhatsApp Client is ready!","timestamp":"2026-01-10T23:21:17.654Z"}
{"level":"info","message":"WhatsApp Client is ready!","timestamp":"2026-01-10T23:21:17.654Z"}
{"level":"info","message":"Daily reminder scheduler initialized (09:00 AM)","timestamp":"2026-01-10T23:21:17.676Z"}
{"level":"info","message":"Appointment created: 6962df26fc0ea760b3d93fb1 for 905535295114","timestamp":"2026-01-10T23:22:14.745Z"}
{"level":"info","message":"Starting broadcast: \"merhaba\" to filter: future","timestamp":"2026-01-10T23:23:29.325Z"}
{"level":"info","message":"Found 4 recipients.","timestamp":"2026-01-10T23:23:29.530Z"}
{"level":"error","message":"Failed to send broadcast to 05525424632 t","name":"t","stack":"t: t\n    at #evaluate (C:\\Users\\tk\\Desktop\\ramazan-app\\node_modules\\puppeteer-core\\lib\\cjs\\puppeteer\\cdp\\ExecutionContext.js:391:56)\n    at async ExecutionContext.evaluate (C:\\Users\\tk\\Desktop\\ramazan-app\\node_modules\\puppeteer-core\\lib\\cjs\\puppeteer\\cdp\\ExecutionContext.js:277:16)\n    at async IsolatedWorld.evaluate (C:\\Users\\tk\\Desktop\\ramazan-app\\node_modules\\puppeteer-core\\lib\\cjs\\puppeteer\\cdp\\IsolatedWorld.js:100:16)\n    at async CdpFrame.evaluate (C:\\Users\\tk\\Desktop\\ramazan-app\\node_modules\\puppeteer-core\\lib\\cjs\\puppeteer\\api\\Frame.js:362:20)\n    at async CdpPage.evaluate (C:\\Users\\tk\\Desktop\\ramazan-app\\node_modules\\puppeteer-core\\lib\\cjs\\puppeteer\\api\\Page.js:818:20)\n    at async Client.sendMessage (C:\\Users\\tk\\Desktop\\ramazan-app\\node_modules\\whatsapp-web.js\\src\\Client.js:1076:25)\n    at async Object.sendBroadcast (C:\\Users\\tk\\Desktop\\ramazan-app\\src\\services\\broadcast.service.js:42:13)","timestamp":"2026-01-10T23:23:33.396Z"}
{"level":"error","message":"Failed to send broadcast to 268431194620145@lid t","name":"t","stack":"t: t\n    at #evaluate (C:\\Users\\tk\\Desktop\\ramazan-app\\node_modules\\puppeteer-core\\lib\\cjs\\puppeteer\\cdp\\ExecutionContext.js:391:56)\n    at async ExecutionContext.evaluate (C:\\Users\\tk\\Desktop\\ramazan-app\\node_modules\\puppeteer-core\\lib\\cjs\\puppeteer\\cdp\\ExecutionContext.js:277:16)\n    at async IsolatedWorld.evaluate (C:\\Users\\tk\\Desktop\\ramazan-app\\node_modules\\puppeteer-core\\lib\\cjs\\puppeteer\\cdp\\IsolatedWorld.js:100:16)\n    at async CdpFrame.evaluate (C:\\Users\\tk\\Desktop\\ramazan-app\\node_modules\\puppeteer-core\\lib\\cjs\\puppeteer\\api\\Frame.js:362:20)\n    at async CdpPage.evaluate (C:\\Users\\tk\\Desktop\\ramazan-app\\node_modules\\puppeteer-core\\lib\\cjs\\puppeteer\\api\\Page.js:818:20)\n    at async Client.sendMessage (C:\\Users\\tk\\Desktop\\ramazan-app\\node_modules\\whatsapp-web.js\\src\\Client.js:1076:25)\n    at async Object.sendBroadcast (C:\\Users\\tk\\Desktop\\ramazan-app\\src\\services\\broadcast.service.js:42:13)","timestamp":"2026-01-10T23:23:38.353Z"}
{"level":"error","message":"Failed to send broadcast to 905551234567 No LID for user\nnew Error (<anonymous>:6:31)","name":"Error","stack":"Error: No LID for user\nnew Error (<anonymous>:6:31)\n    at #evaluate (C:\\Users\\tk\\Desktop\\ramazan-app\\node_modules\\puppeteer-core\\lib\\cjs\\puppeteer\\cdp\\ExecutionContext.js:391:56)\n    at async ExecutionContext.evaluate (C:\\Users\\tk\\Desktop\\ramazan-app\\node_modules\\puppeteer-core\\lib\\cjs\\puppeteer\\cdp\\ExecutionContext.js:277:16)\n    at async IsolatedWorld.evaluate (C:\\Users\\tk\\Desktop\\ramazan-app\\node_modules\\puppeteer-core\\lib\\cjs\\puppeteer\\cdp\\IsolatedWorld.js:100:16)\n    at async CdpFrame.evaluate (C:\\Users\\tk\\Desktop\\ramazan-app\\node_modules\\puppeteer-core\\lib\\cjs\\puppeteer\\api\\Frame.js:362:20)\n    at async CdpPage.evaluate (C:\\Users\\tk\\Desktop\\ramazan-app\\node_modules\\puppeteer-core\\lib\\cjs\\puppeteer\\api\\Page.js:818:20)\n    at async Client.sendMessage (C:\\Users\\tk\\Desktop\\ramazan-app\\node_modules\\whatsapp-web.js\\src\\Client.js:1076:25)\n    at async Object.sendBroadcast (C:\\Users\\tk\\Desktop\\ramazan-app\\src\\services\\broadcast.service.js:42:13)\n    at i (https://static.whatsapp.net/rsrc.php/v4/yv/r/0p5QPbRp7Rp.js:106:348)\n    at l (https://static.whatsapp.net/rsrc.php/v4/yv/r/0p5QPbRp7Rp.js:106:124)\n    at <anonymous> (https://static.whatsapp.net/rsrc.php/v4iAM04/yf/l/tr_TR-j/O5Gu-QIx90g.js:1519:1492)\n    at _ (https://static.whatsapp.net/rsrc.php/v4i0Fm4/yJ/l/tr_TR-j/sEGS3VKJMwR.js:307:905)\n    at s (https://static.whatsapp.net/rsrc.php/v4/yv/r/0p5QPbRp7Rp.js:76:179)\n    at Error (:5:30)","timestamp":"2026-01-10T23:23:45.626Z"}
{"level":"info","message":"Broadcast completed. Success: 1, Fail: 3","timestamp":"2026-01-10T23:23:45.627Z"}
{"level":"info","message":"Starting broadcast: \"sa as\" to filter: future","timestamp":"2026-01-10T23:24:01.857Z"}
{"level":"info","message":"Found 4 recipients.","timestamp":"2026-01-10T23:24:02.062Z"}
{"level":"error","message":"Failed to send broadcast to 05525424632 t","name":"t","stack":"t: t\n    at #evaluate (C:\\Users\\tk\\Desktop\\ramazan-app\\node_modules\\puppeteer-core\\lib\\cjs\\puppeteer\\cdp\\ExecutionContext.js:391:56)\n    at async ExecutionContext.evaluate (C:\\Users\\tk\\Desktop\\ramazan-app\\node_modules\\puppeteer-core\\lib\\cjs\\puppeteer\\cdp\\ExecutionContext.js:277:16)\n    at async IsolatedWorld.evaluate (C:\\Users\\tk\\Desktop\\ramazan-app\\node_modules\\puppeteer-core\\lib\\cjs\\puppeteer\\cdp\\IsolatedWorld.js:100:16)\n    at async CdpFrame.evaluate (C:\\Users\\tk\\Desktop\\ramazan-app\\node_modules\\puppeteer-core\\lib\\cjs\\puppeteer\\api\\Frame.js:362:20)\n    at async CdpPage.evaluate (C:\\Users\\tk\\Desktop\\ramazan-app\\node_modules\\puppeteer-core\\lib\\cjs\\puppeteer\\api\\Page.js:818:20)\n    at async Client.sendMessage (C:\\Users\\tk\\Desktop\\ramazan-app\\node_modules\\whatsapp-web.js\\src\\Client.js:1076:25)\n    at async Object.sendBroadcast (C:\\Users\\tk\\Desktop\\ramazan-app\\src\\services\\broadcast.service.js:42:13)","timestamp":"2026-01-10T23:24:06.193Z"}
{"level":"error","message":"Failed to send broadcast to 268431194620145@lid t","name":"t","stack":"t: t\n    at #evaluate (C:\\Users\\tk\\Desktop\\ramazan-app\\node_modules\\puppeteer-core\\lib\\cjs\\puppeteer\\cdp\\ExecutionContext.js:391:56)\n    at async ExecutionContext.evaluate (C:\\Users\\tk\\Desktop\\ramazan-app\\node_modules\\puppeteer-core\\lib\\cjs\\puppeteer\\cdp\\ExecutionContext.js:277:16)\n    at async IsolatedWorld.evaluate (C:\\Users\\tk\\Desktop\\ramazan-app\\node_modules\\puppeteer-core\\lib\\cjs\\puppeteer\\cdp\\IsolatedWorld.js:100:16)\n    at async CdpFrame.evaluate (C:\\Users\\tk\\Desktop\\ramazan-app\\node_modules\\puppeteer-core\\lib\\cjs\\puppeteer\\api\\Frame.js:362:20)\n    at async CdpPage.evaluate (C:\\Users\\tk\\Desktop\\ramazan-app\\node_modules\\puppeteer-core\\lib\\cjs\\puppeteer\\api\\Page.js:818:20)\n    at async Client.sendMessage (C:\\Users\\tk\\Desktop\\ramazan-app\\node_modules\\whatsapp-web.js\\src\\Client.js:1076:25)\n    at async Object.sendBroadcast (C:\\Users\\tk\\Desktop\\ramazan-app\\src\\services\\broadcast.service.js:42:13)","timestamp":"2026-01-10T23:24:09.427Z"}
{"level":"error","message":"Failed to send broadcast to 905551234567 No LID for user\nnew Error (<anonymous>:6:31)","name":"Error","stack":"Error: No LID for user\nnew Error (<anonymous>:6:31)\n    at #evaluate (C:\\Users\\tk\\Desktop\\ramazan-app\\node_modules\\puppeteer-core\\lib\\cjs\\puppeteer\\cdp\\ExecutionContext.js:391:56)\n    at async ExecutionContext.evaluate (C:\\Users\\tk\\Desktop\\ramazan-app\\node_modules\\puppeteer-core\\lib\\cjs\\puppeteer\\cdp\\ExecutionContext.js:277:16)\n    at async IsolatedWorld.evaluate (C:\\Users\\tk\\Desktop\\ramazan-app\\node_modules\\puppeteer-core\\lib\\cjs\\puppeteer\\cdp\\IsolatedWorld.js:100:16)\n    at async CdpFrame.evaluate (C:\\Users\\tk\\Desktop\\ramazan-app\\node_modules\\puppeteer-core\\lib\\cjs\\puppeteer\\api\\Frame.js:362:20)\n    at async CdpPage.evaluate (C:\\Users\\tk\\Desktop\\ramazan-app\\node_modules\\puppeteer-core\\lib\\cjs\\puppeteer\\api\\Page.js:818:20)\n    at async Client.sendMessage (C:\\Users\\tk\\Desktop\\ramazan-app\\node_modules\\whatsapp-web.js\\src\\Client.js:1076:25)\n    at async Object.sendBroadcast (C:\\Users\\tk\\Desktop\\ramazan-app\\src\\services\\broadcast.service.js:42:13)\n    at i (https://static.whatsapp.net/rsrc.php/v4/yv/r/0p5QPbRp7Rp.js:106:348)\n    at l (https://static.whatsapp.net/rsrc.php/v4/yv/r/0p5QPbRp7Rp.js:106:124)\n    at <anonymous> (https://static.whatsapp.net/rsrc.php/v4iAM04/yf/l/tr_TR-j/O5Gu-QIx90g.js:1519:1492)\n    at _ (https://static.whatsapp.net/rsrc.php/v4i0Fm4/yJ/l/tr_TR-j/sEGS3VKJMwR.js:307:905)\n    at s (https://static.whatsapp.net/rsrc.php/v4/yv/r/0p5QPbRp7Rp.js:76:179)\n    at Error (:5:30)","timestamp":"2026-01-10T23:24:16.934Z"}
{"level":"info","message":"Broadcast completed. Success: 1, Fail: 3","timestamp":"2026-01-10T23:24:16.935Z"}
{"level":"info","message":"Appointment cancelled: 6962df26fc0ea760b3d93fb1","timestamp":"2026-01-10T23:33:51.613Z"}
{"level":"info","message":"Admin cancelled appointment: 6962df26fc0ea760b3d93fb1","timestamp":"2026-01-10T23:33:51.613Z"}
{"level":"info","message":"Server running in development mode on port 5000","timestamp":"2026-01-10T23:46:50.014Z"}
{"level":"info","message":"WhatsApp Loading: 0% - WhatsApp","timestamp":"2026-01-10T23:46:57.479Z"}
{"level":"info","message":"WhatsApp Authenticated!","timestamp":"2026-01-10T23:46:59.034Z"}
{"level":"info","message":"WhatsApp Client is ready!","timestamp":"2026-01-10T23:46:59.177Z"}
{"level":"info","message":"WhatsApp Client is ready!","timestamp":"2026-01-10T23:46:59.178Z"}
{"level":"info","message":"Daily reminder scheduler initialized (09:00 AM)","timestamp":"2026-01-10T23:46:59.200Z"}
{"level":"info","message":"WhatsApp Loading: 99% - WhatsApp","timestamp":"2026-01-10T23:46:59.280Z"}
{"level":"info","message":"Appointment created: 6962e56392dcb243ce5c2dc3 for 905535295114","timestamp":"2026-01-10T23:48:52.170Z"}
{"level":"info","message":"Server running in development mode on port 5000","timestamp":"2026-01-10T23:49:34.694Z"}
{"level":"info","message":"WhatsApp Loading: 0% - WhatsApp","timestamp":"2026-01-10T23:49:40.564Z"}
{"level":"info","message":"WhatsApp Authenticated!","timestamp":"2026-01-10T23:49:41.878Z"}
{"level":"info","message":"WhatsApp Client is ready!","timestamp":"2026-01-10T23:49:41.988Z"}
{"level":"info","message":"WhatsApp Client is ready!","timestamp":"2026-01-10T23:49:41.988Z"}
{"level":"info","message":"Daily reminder scheduler initialized (09:00 AM)","timestamp":"2026-01-10T23:49:42.013Z"}
{"level":"info","message":"WhatsApp Loading: 99% - WhatsApp","timestamp":"2026-01-10T23:49:42.016Z"}
{"level":"info","message":"QR Code generated","timestamp":"2026-01-10T23:54:22.457Z"}
